{"uid":"ec4a0842f4b9dab8","name":"checkEditTestRunTest","fullName":"tests.ui.TestRunTest.checkEditTestRunTest","historyId":"4bdce8791a72eda1423ba24f124c09fe","time":{"start":1752435284546,"stop":1752435294600,"duration":10054},"description":"Check Test Run editing.","descriptionHtml":"<p>Check Test Run editing.</p>\n","status":"skipped","statusMessage":"The 'Test Runs & Results' page is not opened","statusTrace":"java.lang.AssertionError: The 'Test Runs & Results' page is not opened\n\tat org.testng.Assert.fail(Assert.java:111)\n\tat pages.TestRunsPage.isPageOpened(TestRunsPage.java:36)\n\tat steps.ui.TestRunStep.createTestRun(TestRunStep.java:33)\n\tat tests.ui.TestRunTest.checkEditTestRunTest(TestRunTest.java:40)\n\tat java.base/jdk.internal.reflect.NativeMethodAccessorImpl.invoke0(Native Method)\n\tat java.base/jdk.internal.reflect.NativeMethodAccessorImpl.invoke(NativeMethodAccessorImpl.java:77)\n\tat java.base/jdk.internal.reflect.DelegatingMethodAccessorImpl.invoke(DelegatingMethodAccessorImpl.java:43)\n\tat java.base/java.lang.reflect.Method.invoke(Method.java:569)\n\tat org.testng.internal.invokers.MethodInvocationHelper.invokeMethod(MethodInvocationHelper.java:141)\n\tat org.testng.internal.invokers.TestInvoker.invokeMethod(TestInvoker.java:687)\n\tat org.testng.internal.invokers.TestInvoker.invokeTestMethod(TestInvoker.java:230)\n\tat org.testng.internal.invokers.MethodRunner.runInSequence(MethodRunner.java:63)\n\tat org.testng.internal.invokers.TestInvoker$MethodInvocationAgent.invoke(TestInvoker.java:995)\n\tat org.testng.internal.invokers.TestInvoker.invokeTestMethods(TestInvoker.java:203)\n\tat org.testng.internal.invokers.TestMethodWorker.invokeTestMethods(TestMethodWorker.java:154)\n\tat org.testng.internal.invokers.TestMethodWorker.run(TestMethodWorker.java:134)\n\tat java.base/java.util.ArrayList.forEach(ArrayList.java:1511)\n\tat org.testng.TestRunner.privateRun(TestRunner.java:741)\n\tat org.testng.TestRunner.run(TestRunner.java:616)\n\tat org.testng.SuiteRunner.runTest(SuiteRunner.java:421)\n\tat org.testng.SuiteRunner$SuiteWorker.run(SuiteRunner.java:463)\n\tat org.testng.internal.thread.ThreadUtil.lambda$execute$0(ThreadUtil.java:64)\n\tat java.base/java.util.concurrent.FutureTask.run(FutureTask.java:264)\n\tat java.base/java.util.concurrent.ThreadPoolExecutor.runWorker(ThreadPoolExecutor.java:1136)\n\tat java.base/java.util.concurrent.ThreadPoolExecutor$Worker.run(ThreadPoolExecutor.java:635)\n\tat java.base/java.lang.Thread.run(Thread.java:840)\n","flaky":false,"newFailed":false,"newBroken":false,"newPassed":false,"retriesCount":0,"retriesStatusChange":false,"beforeStages":[{"name":"Setup browser","time":{"start":1752435284082,"stop":1752435284543,"duration":461},"description":"Setup browser","status":"passed","steps":[],"attachments":[],"parameters":[],"shouldDisplayMessage":false,"stepsCount":0,"attachmentsCount":0,"hasContent":false,"attachmentStep":false}],"testStage":{"description":"Check Test Run editing.","status":"skipped","statusMessage":"The 'Test Runs & Results' page is not opened","statusTrace":"java.lang.AssertionError: The 'Test Runs & Results' page is not opened\n\tat org.testng.Assert.fail(Assert.java:111)\n\tat pages.TestRunsPage.isPageOpened(TestRunsPage.java:36)\n\tat steps.ui.TestRunStep.createTestRun(TestRunStep.java:33)\n\tat tests.ui.TestRunTest.checkEditTestRunTest(TestRunTest.java:40)\n\tat java.base/jdk.internal.reflect.NativeMethodAccessorImpl.invoke0(Native Method)\n\tat java.base/jdk.internal.reflect.NativeMethodAccessorImpl.invoke(NativeMethodAccessorImpl.java:77)\n\tat java.base/jdk.internal.reflect.DelegatingMethodAccessorImpl.invoke(DelegatingMethodAccessorImpl.java:43)\n\tat java.base/java.lang.reflect.Method.invoke(Method.java:569)\n\tat org.testng.internal.invokers.MethodInvocationHelper.invokeMethod(MethodInvocationHelper.java:141)\n\tat org.testng.internal.invokers.TestInvoker.invokeMethod(TestInvoker.java:687)\n\tat org.testng.internal.invokers.TestInvoker.invokeTestMethod(TestInvoker.java:230)\n\tat org.testng.internal.invokers.MethodRunner.runInSequence(MethodRunner.java:63)\n\tat org.testng.internal.invokers.TestInvoker$MethodInvocationAgent.invoke(TestInvoker.java:995)\n\tat org.testng.internal.invokers.TestInvoker.invokeTestMethods(TestInvoker.java:203)\n\tat org.testng.internal.invokers.TestMethodWorker.invokeTestMethods(TestMethodWorker.java:154)\n\tat org.testng.internal.invokers.TestMethodWorker.run(TestMethodWorker.java:134)\n\tat java.base/java.util.ArrayList.forEach(ArrayList.java:1511)\n\tat org.testng.TestRunner.privateRun(TestRunner.java:741)\n\tat org.testng.TestRunner.run(TestRunner.java:616)\n\tat org.testng.SuiteRunner.runTest(SuiteRunner.java:421)\n\tat org.testng.SuiteRunner$SuiteWorker.run(SuiteRunner.java:463)\n\tat org.testng.internal.thread.ThreadUtil.lambda$execute$0(ThreadUtil.java:64)\n\tat java.base/java.util.concurrent.FutureTask.run(FutureTask.java:264)\n\tat java.base/java.util.concurrent.ThreadPoolExecutor.runWorker(ThreadPoolExecutor.java:1136)\n\tat java.base/java.util.concurrent.ThreadPoolExecutor$Worker.run(ThreadPoolExecutor.java:635)\n\tat java.base/java.lang.Thread.run(Thread.java:840)\n","steps":[{"name":"Log in in the system.","time":{"start":1752435284552,"stop":1752435286786,"duration":2234},"status":"passed","steps":[{"name":"Opening 'Login' page.","time":{"start":1752435284553,"stop":1752435285268,"duration":715},"status":"passed","steps":[],"attachments":[],"parameters":[],"shouldDisplayMessage":false,"stepsCount":0,"attachmentsCount":0,"hasContent":false,"attachmentStep":false},{"name":"Log in with credentials: email 'sabuk.zhenya@gmail.com' and password '!PerfectTechMeSkills6210485%'.","time":{"start":1752435285316,"stop":1752435286764,"duration":1448},"status":"passed","steps":[],"attachments":[],"parameters":[{"name":"user","value":"sabuk.zhenya@gmail.com"},{"name":"password","value":"!PerfectTechMeSkills6210485%"}],"shouldDisplayMessage":false,"stepsCount":0,"attachmentsCount":0,"hasContent":true,"attachmentStep":false}],"attachments":[],"parameters":[],"shouldDisplayMessage":false,"stepsCount":2,"attachmentsCount":0,"hasContent":true,"attachmentStep":false},{"name":"Creating a Project and open it.","time":{"start":1752435286786,"stop":1752435289231,"duration":2445},"status":"passed","steps":[{"name":"Click on the 'Add Project' button and redirect to the 'Add Project' page.","time":{"start":1752435286809,"stop":1752435287111,"duration":302},"status":"passed","steps":[],"attachments":[],"parameters":[],"shouldDisplayMessage":false,"stepsCount":0,"attachmentsCount":0,"hasContent":false,"attachmentStep":false},{"name":"Creating the project.","time":{"start":1752435287440,"stop":1752435288813,"duration":1373},"status":"passed","steps":[{"name":"Scrolling down 'Add Project' page.","time":{"start":1752435287791,"stop":1752435287799,"duration":8},"status":"passed","steps":[],"attachments":[],"parameters":[],"shouldDisplayMessage":false,"stepsCount":0,"attachmentsCount":0,"hasContent":false,"attachmentStep":false},{"name":"Scrolling up 'Add Project' page.","time":{"start":1752435287876,"stop":1752435287882,"duration":6},"status":"passed","steps":[],"attachments":[],"parameters":[],"shouldDisplayMessage":false,"stepsCount":0,"attachmentsCount":0,"hasContent":false,"attachmentStep":false},{"name":"Open 'Defect' subtab.","time":{"start":1752435287882,"stop":1752435287958,"duration":76},"status":"passed","steps":[],"attachments":[],"parameters":[],"shouldDisplayMessage":false,"stepsCount":0,"attachmentsCount":0,"hasContent":false,"attachmentStep":false},{"name":"Scrolling up 'Add Project' page.","time":{"start":1752435288200,"stop":1752435288204,"duration":4},"status":"passed","steps":[],"attachments":[],"parameters":[],"shouldDisplayMessage":false,"stepsCount":0,"attachmentsCount":0,"hasContent":false,"attachmentStep":false},{"name":"Open 'Reference' subtab.","time":{"start":1752435288204,"stop":1752435288270,"duration":66},"status":"passed","steps":[],"attachments":[],"parameters":[],"shouldDisplayMessage":false,"stepsCount":0,"attachmentsCount":0,"hasContent":false,"attachmentStep":false},{"name":"Click on the 'Add Project' button on the 'Add Project' page.","time":{"start":1752435288511,"stop":1752435288813,"duration":302},"status":"passed","steps":[],"attachments":[],"parameters":[],"shouldDisplayMessage":false,"stepsCount":0,"attachmentsCount":0,"hasContent":false,"attachmentStep":false}],"attachments":[],"parameters":[{"name":"project","value":"dto.Project@bcd39ca"}],"shouldDisplayMessage":false,"stepsCount":6,"attachmentsCount":0,"hasContent":true,"attachmentStep":false},{"name":"Get ID for the project.","time":{"start":1752435288946,"stop":1752435288959,"duration":13},"status":"passed","steps":[],"attachments":[],"parameters":[{"name":"projectName","value":"Goodwin, Hagenes and Koss"}],"shouldDisplayMessage":false,"stepsCount":0,"attachmentsCount":0,"hasContent":true,"attachmentStep":false},{"name":"Open Project by id.","time":{"start":1752435288959,"stop":1752435289195,"duration":236},"status":"passed","steps":[],"attachments":[],"parameters":[{"name":"projectId","value":"719"}],"shouldDisplayMessage":false,"stepsCount":0,"attachmentsCount":0,"hasContent":true,"attachmentStep":false}],"attachments":[],"parameters":[],"shouldDisplayMessage":false,"stepsCount":10,"attachmentsCount":0,"hasContent":true,"attachmentStep":false},{"name":"Creating a Test Run.","time":{"start":1752435289231,"stop":1752435294594,"duration":5363},"status":"failed","statusMessage":"The 'Test Runs & Results' page is not opened","statusTrace":"java.lang.AssertionError: The 'Test Runs & Results' page is not opened\n\tat org.testng.Assert.fail(Assert.java:111)\n\tat pages.TestRunsPage.isPageOpened(TestRunsPage.java:36)\n\tat steps.ui.TestRunStep.createTestRun(TestRunStep.java:33)\n\tat tests.ui.TestRunTest.checkEditTestRunTest(TestRunTest.java:40)\n\tat java.base/jdk.internal.reflect.NativeMethodAccessorImpl.invoke0(Native Method)\n\tat java.base/jdk.internal.reflect.NativeMethodAccessorImpl.invoke(NativeMethodAccessorImpl.java:77)\n\tat java.base/jdk.internal.reflect.DelegatingMethodAccessorImpl.invoke(DelegatingMethodAccessorImpl.java:43)\n\tat java.base/java.lang.reflect.Method.invoke(Method.java:569)\n\tat org.testng.internal.invokers.MethodInvocationHelper.invokeMethod(MethodInvocationHelper.java:141)\n\tat org.testng.internal.invokers.TestInvoker.invokeMethod(TestInvoker.java:687)\n\tat org.testng.internal.invokers.TestInvoker.invokeTestMethod(TestInvoker.java:230)\n\tat org.testng.internal.invokers.MethodRunner.runInSequence(MethodRunner.java:63)\n\tat org.testng.internal.invokers.TestInvoker$MethodInvocationAgent.invoke(TestInvoker.java:995)\n\tat org.testng.internal.invokers.TestInvoker.invokeTestMethods(TestInvoker.java:203)\n\tat org.testng.internal.invokers.TestMethodWorker.invokeTestMethods(TestMethodWorker.java:154)\n\tat org.testng.internal.invokers.TestMethodWorker.run(TestMethodWorker.java:134)\n\tat java.base/java.util.ArrayList.forEach(ArrayList.java:1511)\n\tat org.testng.TestRunner.privateRun(TestRunner.java:741)\n\tat org.testng.TestRunner.run(TestRunner.java:616)\n\tat org.testng.SuiteRunner.runTest(SuiteRunner.java:421)\n\tat org.testng.SuiteRunner$SuiteWorker.run(SuiteRunner.java:463)\n\tat org.testng.internal.thread.ThreadUtil.lambda$execute$0(ThreadUtil.java:64)\n\tat java.base/java.util.concurrent.FutureTask.run(FutureTask.java:264)\n\tat java.base/java.util.concurrent.ThreadPoolExecutor.runWorker(ThreadPoolExecutor.java:1136)\n\tat java.base/java.util.concurrent.ThreadPoolExecutor$Worker.run(ThreadPoolExecutor.java:635)\n\tat java.base/java.lang.Thread.run(Thread.java:840)\n","steps":[{"name":"Opening the 'Test Runs & Results' page for the project.","time":{"start":1752435289245,"stop":1752435289523,"duration":278},"status":"passed","steps":[],"attachments":[],"parameters":[],"shouldDisplayMessage":false,"stepsCount":0,"attachmentsCount":0,"hasContent":false,"attachmentStep":false}],"attachments":[],"parameters":[],"shouldDisplayMessage":true,"stepsCount":1,"attachmentsCount":0,"hasContent":true,"attachmentStep":false}],"attachments":[],"parameters":[],"shouldDisplayMessage":false,"stepsCount":16,"attachmentsCount":0,"hasContent":true,"attachmentStep":false},"afterStages":[{"name":"Close browser","time":{"start":1752435294607,"stop":1752435294695,"duration":88},"description":"Close browser","status":"passed","steps":[],"attachments":[],"parameters":[],"shouldDisplayMessage":false,"stepsCount":0,"attachmentsCount":0,"hasContent":false,"attachmentStep":false}],"labels":[{"name":"package","value":"tests.ui.TestRunTest"},{"name":"testClass","value":"tests.ui.TestRunTest"},{"name":"testMethod","value":"checkEditTestRunTest"},{"name":"parentSuite","value":"Test Rail Regression Test"},{"name":"suite","value":"Mat"},{"name":"subSuite","value":"tests.ui.TestRunTest"},{"name":"host","value":"pkrvmq0rgcvqdmg"},{"name":"thread","value":"2560@pkrvmq0rgcvqdmg.TestNG-tests-1(21)"},{"name":"framework","value":"testng"},{"name":"language","value":"java"},{"name":"epic","value":"Test Run"},{"name":"owner","value":"Evgeny Sabuk"},{"name":"resultFormat","value":"allure2"}],"parameters":[{"name":"Test Coverage","value":"Mat"}],"links":[],"hidden":true,"retry":true,"extra":{"categories":[],"tags":[]},"source":"ec4a0842f4b9dab8.json","parameterValues":["Mat"]}