{"uid":"4cffc970a137e384","name":"checkCreateTestRunTest","fullName":"tests.ui.TestRunTest.checkCreateTestRunTest","historyId":"98bffccdc3b4fc0e4ca410ab3befefd3","time":{"start":1752924381396,"stop":1752924390947,"duration":9551},"description":"Check Test Run creation.","descriptionHtml":"<p>Check Test Run creation.</p>\n","status":"skipped","statusMessage":"The 'Test Runs & Results' page is not opened","statusTrace":"java.lang.AssertionError: The 'Test Runs & Results' page is not opened\n\tat org.testng.Assert.fail(Assert.java:111)\n\tat pages.TestRunsPage.isPageOpened(TestRunsPage.java:36)\n\tat tests.ui.TestRunTest.checkCreateTestRunTest(TestRunTest.java:24)\n\tat java.base/jdk.internal.reflect.NativeMethodAccessorImpl.invoke0(Native Method)\n\tat java.base/jdk.internal.reflect.NativeMethodAccessorImpl.invoke(NativeMethodAccessorImpl.java:77)\n\tat java.base/jdk.internal.reflect.DelegatingMethodAccessorImpl.invoke(DelegatingMethodAccessorImpl.java:43)\n\tat java.base/java.lang.reflect.Method.invoke(Method.java:569)\n\tat org.testng.internal.invokers.MethodInvocationHelper.invokeMethod(MethodInvocationHelper.java:141)\n\tat org.testng.internal.invokers.TestInvoker.invokeMethod(TestInvoker.java:687)\n\tat org.testng.internal.invokers.TestInvoker.retryFailed(TestInvoker.java:269)\n\tat org.testng.internal.invokers.MethodRunner.runInSequence(MethodRunner.java:76)\n\tat org.testng.internal.invokers.TestInvoker$MethodInvocationAgent.invoke(TestInvoker.java:995)\n\tat org.testng.internal.invokers.TestInvoker.invokeTestMethods(TestInvoker.java:203)\n\tat org.testng.internal.invokers.TestMethodWorker.invokeTestMethods(TestMethodWorker.java:154)\n\tat org.testng.internal.invokers.TestMethodWorker.run(TestMethodWorker.java:134)\n\tat java.base/java.util.ArrayList.forEach(ArrayList.java:1511)\n\tat org.testng.TestRunner.privateRun(TestRunner.java:741)\n\tat org.testng.TestRunner.run(TestRunner.java:616)\n\tat org.testng.SuiteRunner.runTest(SuiteRunner.java:421)\n\tat org.testng.SuiteRunner$SuiteWorker.run(SuiteRunner.java:463)\n\tat org.testng.internal.thread.ThreadUtil.lambda$execute$0(ThreadUtil.java:64)\n\tat java.base/java.util.concurrent.FutureTask.run(FutureTask.java:264)\n\tat java.base/java.util.concurrent.ThreadPoolExecutor.runWorker(ThreadPoolExecutor.java:1136)\n\tat java.base/java.util.concurrent.ThreadPoolExecutor$Worker.run(ThreadPoolExecutor.java:635)\n\tat java.base/java.lang.Thread.run(Thread.java:840)\n","flaky":false,"newFailed":false,"newBroken":false,"newPassed":false,"retriesCount":0,"retriesStatusChange":false,"beforeStages":[{"name":"Setup browser","time":{"start":1752924381053,"stop":1752924381394,"duration":341},"description":"Setup browser","status":"passed","steps":[],"attachments":[],"parameters":[],"shouldDisplayMessage":false,"stepsCount":0,"attachmentsCount":0,"hasContent":false,"attachmentStep":false}],"testStage":{"description":"Check Test Run creation.","status":"skipped","statusMessage":"The 'Test Runs & Results' page is not opened","statusTrace":"java.lang.AssertionError: The 'Test Runs & Results' page is not opened\n\tat org.testng.Assert.fail(Assert.java:111)\n\tat pages.TestRunsPage.isPageOpened(TestRunsPage.java:36)\n\tat tests.ui.TestRunTest.checkCreateTestRunTest(TestRunTest.java:24)\n\tat java.base/jdk.internal.reflect.NativeMethodAccessorImpl.invoke0(Native Method)\n\tat java.base/jdk.internal.reflect.NativeMethodAccessorImpl.invoke(NativeMethodAccessorImpl.java:77)\n\tat java.base/jdk.internal.reflect.DelegatingMethodAccessorImpl.invoke(DelegatingMethodAccessorImpl.java:43)\n\tat java.base/java.lang.reflect.Method.invoke(Method.java:569)\n\tat org.testng.internal.invokers.MethodInvocationHelper.invokeMethod(MethodInvocationHelper.java:141)\n\tat org.testng.internal.invokers.TestInvoker.invokeMethod(TestInvoker.java:687)\n\tat org.testng.internal.invokers.TestInvoker.retryFailed(TestInvoker.java:269)\n\tat org.testng.internal.invokers.MethodRunner.runInSequence(MethodRunner.java:76)\n\tat org.testng.internal.invokers.TestInvoker$MethodInvocationAgent.invoke(TestInvoker.java:995)\n\tat org.testng.internal.invokers.TestInvoker.invokeTestMethods(TestInvoker.java:203)\n\tat org.testng.internal.invokers.TestMethodWorker.invokeTestMethods(TestMethodWorker.java:154)\n\tat org.testng.internal.invokers.TestMethodWorker.run(TestMethodWorker.java:134)\n\tat java.base/java.util.ArrayList.forEach(ArrayList.java:1511)\n\tat org.testng.TestRunner.privateRun(TestRunner.java:741)\n\tat org.testng.TestRunner.run(TestRunner.java:616)\n\tat org.testng.SuiteRunner.runTest(SuiteRunner.java:421)\n\tat org.testng.SuiteRunner$SuiteWorker.run(SuiteRunner.java:463)\n\tat org.testng.internal.thread.ThreadUtil.lambda$execute$0(ThreadUtil.java:64)\n\tat java.base/java.util.concurrent.FutureTask.run(FutureTask.java:264)\n\tat java.base/java.util.concurrent.ThreadPoolExecutor.runWorker(ThreadPoolExecutor.java:1136)\n\tat java.base/java.util.concurrent.ThreadPoolExecutor$Worker.run(ThreadPoolExecutor.java:635)\n\tat java.base/java.lang.Thread.run(Thread.java:840)\n","steps":[{"name":"Log in in the system.","time":{"start":1752924381398,"stop":1752924383366,"duration":1968},"status":"passed","steps":[{"name":"Opening 'Login' page.","time":{"start":1752924381398,"stop":1752924382044,"duration":646},"status":"passed","steps":[],"attachments":[],"parameters":[],"shouldDisplayMessage":false,"stepsCount":0,"attachmentsCount":0,"hasContent":false,"attachmentStep":false},{"name":"Log in with credentials: email 'sabuk.zhenya@gmail.com' and password '!PerfectTechMeSkills6210485%'.","time":{"start":1752924382064,"stop":1752924383348,"duration":1284},"status":"passed","steps":[],"attachments":[],"parameters":[{"name":"user","value":"sabuk.zhenya@gmail.com"},{"name":"password","value":"!PerfectTechMeSkills6210485%"}],"shouldDisplayMessage":false,"stepsCount":0,"attachmentsCount":0,"hasContent":true,"attachmentStep":false}],"attachments":[],"parameters":[],"shouldDisplayMessage":false,"stepsCount":2,"attachmentsCount":0,"hasContent":true,"attachmentStep":false},{"name":"Creating a Project and open it.","time":{"start":1752924383366,"stop":1752924385525,"duration":2159},"status":"passed","steps":[{"name":"Click on the 'Add Project' button and redirect to the 'Add Project' page.","time":{"start":1752924383385,"stop":1752924383838,"duration":453},"status":"passed","steps":[],"attachments":[],"parameters":[],"shouldDisplayMessage":false,"stepsCount":0,"attachmentsCount":0,"hasContent":false,"attachmentStep":false},{"name":"Creating the project.","time":{"start":1752924383860,"stop":1752924384738,"duration":878},"status":"passed","steps":[{"name":"Scrolling down 'Add Project' page.","time":{"start":1752924384119,"stop":1752924384123,"duration":4},"status":"passed","steps":[],"attachments":[],"parameters":[],"shouldDisplayMessage":false,"stepsCount":0,"attachmentsCount":0,"hasContent":false,"attachmentStep":false},{"name":"Scrolling up 'Add Project' page.","time":{"start":1752924384181,"stop":1752924384185,"duration":4},"status":"passed","steps":[],"attachments":[],"parameters":[],"shouldDisplayMessage":false,"stepsCount":0,"attachmentsCount":0,"hasContent":false,"attachmentStep":false},{"name":"Open 'Defect' subtab.","time":{"start":1752924384185,"stop":1752924384246,"duration":61},"status":"passed","steps":[],"attachments":[],"parameters":[],"shouldDisplayMessage":false,"stepsCount":0,"attachmentsCount":0,"hasContent":false,"attachmentStep":false},{"name":"Scrolling up 'Add Project' page.","time":{"start":1752924384425,"stop":1752924384433,"duration":8},"status":"passed","steps":[],"attachments":[],"parameters":[],"shouldDisplayMessage":false,"stepsCount":0,"attachmentsCount":0,"hasContent":false,"attachmentStep":false},{"name":"Open 'Reference' subtab.","time":{"start":1752924384433,"stop":1752924384494,"duration":61},"status":"passed","steps":[],"attachments":[],"parameters":[],"shouldDisplayMessage":false,"stepsCount":0,"attachmentsCount":0,"hasContent":false,"attachmentStep":false},{"name":"Click on the 'Add Project' button on the 'Add Project' page.","time":{"start":1752924384683,"stop":1752924384738,"duration":55},"status":"passed","steps":[],"attachments":[],"parameters":[],"shouldDisplayMessage":false,"stepsCount":0,"attachmentsCount":0,"hasContent":false,"attachmentStep":false}],"attachments":[],"parameters":[{"name":"project","value":"dto.Project@560b50d3"}],"shouldDisplayMessage":false,"stepsCount":6,"attachmentsCount":0,"hasContent":true,"attachmentStep":false},{"name":"Get ID for the project.","time":{"start":1752924385162,"stop":1752924385175,"duration":13},"status":"passed","steps":[],"attachments":[],"parameters":[{"name":"projectName","value":"Zieme, McDermott and Walker"}],"shouldDisplayMessage":false,"stepsCount":0,"attachmentsCount":0,"hasContent":true,"attachmentStep":false},{"name":"Open Project by id.","time":{"start":1752924385175,"stop":1752924385525,"duration":350},"status":"passed","steps":[],"attachments":[],"parameters":[{"name":"projectId","value":"999"}],"shouldDisplayMessage":false,"stepsCount":0,"attachmentsCount":0,"hasContent":true,"attachmentStep":false}],"attachments":[],"parameters":[],"shouldDisplayMessage":false,"stepsCount":10,"attachmentsCount":0,"hasContent":true,"attachmentStep":false},{"name":"Opening the 'Test Runs & Results' page for the project.","time":{"start":1752924385545,"stop":1752924385918,"duration":373},"status":"passed","steps":[],"attachments":[],"parameters":[],"shouldDisplayMessage":false,"stepsCount":0,"attachmentsCount":0,"hasContent":false,"attachmentStep":false}],"attachments":[],"parameters":[],"shouldDisplayMessage":true,"stepsCount":15,"attachmentsCount":0,"hasContent":true,"attachmentStep":false},"afterStages":[{"name":"Close browser","time":{"start":1752924390948,"stop":1752924391017,"duration":69},"description":"Close browser","status":"passed","steps":[],"attachments":[],"parameters":[],"shouldDisplayMessage":false,"stepsCount":0,"attachmentsCount":0,"hasContent":false,"attachmentStep":false}],"labels":[{"name":"package","value":"tests.ui.TestRunTest"},{"name":"testClass","value":"tests.ui.TestRunTest"},{"name":"testMethod","value":"checkCreateTestRunTest"},{"name":"parentSuite","value":"Test Rail Regression Test"},{"name":"suite","value":"Smoke"},{"name":"subSuite","value":"tests.ui.TestRunTest"},{"name":"host","value":"pkrvmq0rgcvqdmg"},{"name":"thread","value":"2519@pkrvmq0rgcvqdmg.TestNG-tests-2(22)"},{"name":"framework","value":"testng"},{"name":"language","value":"java"},{"name":"epic","value":"Test Run"},{"name":"owner","value":"Evgeny Sabuk"},{"name":"resultFormat","value":"allure2"}],"parameters":[{"name":"Test Coverage","value":"Smoke"}],"links":[],"hidden":true,"retry":true,"extra":{"categories":[],"tags":[]},"source":"4cffc970a137e384.json","parameterValues":["Smoke"]}