{"uid":"f9ff044e77cac363","name":"checkEditTestRunTest","fullName":"tests.ui.TestRunTest.checkEditTestRunTest","historyId":"4bdce8791a72eda1423ba24f124c09fe","time":{"start":1752433025620,"stop":1752433035481,"duration":9861},"description":"Check Test Run editing.","descriptionHtml":"<p>Check Test Run editing.</p>\n","status":"failed","statusMessage":"The 'Test Runs & Results' page is not opened","statusTrace":"java.lang.AssertionError: The 'Test Runs & Results' page is not opened\n\tat org.testng.Assert.fail(Assert.java:111)\n\tat pages.TestRunsPage.isPageOpened(TestRunsPage.java:36)\n\tat steps.ui.TestRunStep.createTestRun(TestRunStep.java:33)\n\tat tests.ui.TestRunTest.checkEditTestRunTest(TestRunTest.java:40)\n\tat java.base/jdk.internal.reflect.NativeMethodAccessorImpl.invoke0(Native Method)\n\tat java.base/jdk.internal.reflect.NativeMethodAccessorImpl.invoke(NativeMethodAccessorImpl.java:77)\n\tat java.base/jdk.internal.reflect.DelegatingMethodAccessorImpl.invoke(DelegatingMethodAccessorImpl.java:43)\n\tat java.base/java.lang.reflect.Method.invoke(Method.java:569)\n\tat org.testng.internal.invokers.MethodInvocationHelper.invokeMethod(MethodInvocationHelper.java:141)\n\tat org.testng.internal.invokers.TestInvoker.invokeMethod(TestInvoker.java:687)\n\tat org.testng.internal.invokers.TestInvoker.retryFailed(TestInvoker.java:269)\n\tat org.testng.internal.invokers.MethodRunner.runInSequence(MethodRunner.java:76)\n\tat org.testng.internal.invokers.TestInvoker$MethodInvocationAgent.invoke(TestInvoker.java:995)\n\tat org.testng.internal.invokers.TestInvoker.invokeTestMethods(TestInvoker.java:203)\n\tat org.testng.internal.invokers.TestMethodWorker.invokeTestMethods(TestMethodWorker.java:154)\n\tat org.testng.internal.invokers.TestMethodWorker.run(TestMethodWorker.java:134)\n\tat java.base/java.util.ArrayList.forEach(ArrayList.java:1511)\n\tat org.testng.TestRunner.privateRun(TestRunner.java:741)\n\tat org.testng.TestRunner.run(TestRunner.java:616)\n\tat org.testng.SuiteRunner.runTest(SuiteRunner.java:421)\n\tat org.testng.SuiteRunner$SuiteWorker.run(SuiteRunner.java:463)\n\tat org.testng.internal.thread.ThreadUtil.lambda$execute$0(ThreadUtil.java:64)\n\tat java.base/java.util.concurrent.FutureTask.run(FutureTask.java:264)\n\tat java.base/java.util.concurrent.ThreadPoolExecutor.runWorker(ThreadPoolExecutor.java:1136)\n\tat java.base/java.util.concurrent.ThreadPoolExecutor$Worker.run(ThreadPoolExecutor.java:635)\n\tat java.base/java.lang.Thread.run(Thread.java:840)\n","flaky":false,"newFailed":true,"newBroken":false,"newPassed":false,"retriesCount":2,"retriesStatusChange":true,"beforeStages":[{"name":"Setup browser","time":{"start":1752433025158,"stop":1752433025617,"duration":459},"description":"Setup browser","status":"passed","steps":[],"attachments":[],"parameters":[],"shouldDisplayMessage":false,"stepsCount":0,"attachmentsCount":0,"hasContent":false,"attachmentStep":false}],"testStage":{"description":"Check Test Run editing.","status":"failed","statusMessage":"The 'Test Runs & Results' page is not opened","statusTrace":"java.lang.AssertionError: The 'Test Runs & Results' page is not opened\n\tat org.testng.Assert.fail(Assert.java:111)\n\tat pages.TestRunsPage.isPageOpened(TestRunsPage.java:36)\n\tat steps.ui.TestRunStep.createTestRun(TestRunStep.java:33)\n\tat tests.ui.TestRunTest.checkEditTestRunTest(TestRunTest.java:40)\n\tat java.base/jdk.internal.reflect.NativeMethodAccessorImpl.invoke0(Native Method)\n\tat java.base/jdk.internal.reflect.NativeMethodAccessorImpl.invoke(NativeMethodAccessorImpl.java:77)\n\tat java.base/jdk.internal.reflect.DelegatingMethodAccessorImpl.invoke(DelegatingMethodAccessorImpl.java:43)\n\tat java.base/java.lang.reflect.Method.invoke(Method.java:569)\n\tat org.testng.internal.invokers.MethodInvocationHelper.invokeMethod(MethodInvocationHelper.java:141)\n\tat org.testng.internal.invokers.TestInvoker.invokeMethod(TestInvoker.java:687)\n\tat org.testng.internal.invokers.TestInvoker.retryFailed(TestInvoker.java:269)\n\tat org.testng.internal.invokers.MethodRunner.runInSequence(MethodRunner.java:76)\n\tat org.testng.internal.invokers.TestInvoker$MethodInvocationAgent.invoke(TestInvoker.java:995)\n\tat org.testng.internal.invokers.TestInvoker.invokeTestMethods(TestInvoker.java:203)\n\tat org.testng.internal.invokers.TestMethodWorker.invokeTestMethods(TestMethodWorker.java:154)\n\tat org.testng.internal.invokers.TestMethodWorker.run(TestMethodWorker.java:134)\n\tat java.base/java.util.ArrayList.forEach(ArrayList.java:1511)\n\tat org.testng.TestRunner.privateRun(TestRunner.java:741)\n\tat org.testng.TestRunner.run(TestRunner.java:616)\n\tat org.testng.SuiteRunner.runTest(SuiteRunner.java:421)\n\tat org.testng.SuiteRunner$SuiteWorker.run(SuiteRunner.java:463)\n\tat org.testng.internal.thread.ThreadUtil.lambda$execute$0(ThreadUtil.java:64)\n\tat java.base/java.util.concurrent.FutureTask.run(FutureTask.java:264)\n\tat java.base/java.util.concurrent.ThreadPoolExecutor.runWorker(ThreadPoolExecutor.java:1136)\n\tat java.base/java.util.concurrent.ThreadPoolExecutor$Worker.run(ThreadPoolExecutor.java:635)\n\tat java.base/java.lang.Thread.run(Thread.java:840)\n","steps":[{"name":"Log in in the system.","time":{"start":1752433025623,"stop":1752433028018,"duration":2395},"status":"passed","steps":[{"name":"Opening 'Login' page.","time":{"start":1752433025623,"stop":1752433026628,"duration":1005},"status":"passed","steps":[],"attachments":[],"parameters":[],"shouldDisplayMessage":false,"stepsCount":0,"attachmentsCount":0,"hasContent":false,"attachmentStep":false},{"name":"Log in with credentials: email 'sabuk.zhenya@gmail.com' and password '!PerfectTechMeSkills6210485%'.","time":{"start":1752433026647,"stop":1752433027993,"duration":1346},"status":"passed","steps":[],"attachments":[],"parameters":[{"name":"user","value":"sabuk.zhenya@gmail.com"},{"name":"password","value":"!PerfectTechMeSkills6210485%"}],"shouldDisplayMessage":false,"stepsCount":0,"attachmentsCount":0,"hasContent":true,"attachmentStep":false}],"attachments":[],"parameters":[],"shouldDisplayMessage":false,"stepsCount":2,"attachmentsCount":0,"hasContent":true,"attachmentStep":false},{"name":"Creating a Project and open it.","time":{"start":1752433028018,"stop":1752433030106,"duration":2088},"status":"passed","steps":[{"name":"Click on the 'Add Project' button and redirect to the 'Add Project' page.","time":{"start":1752433028039,"stop":1752433028524,"duration":485},"status":"passed","steps":[],"attachments":[],"parameters":[],"shouldDisplayMessage":false,"stepsCount":0,"attachmentsCount":0,"hasContent":false,"attachmentStep":false},{"name":"Creating the project.","time":{"start":1752433028554,"stop":1752433029519,"duration":965},"status":"passed","steps":[{"name":"Scrolling down 'Add Project' page.","time":{"start":1752433028816,"stop":1752433028821,"duration":5},"status":"passed","steps":[],"attachments":[],"parameters":[],"shouldDisplayMessage":false,"stepsCount":0,"attachmentsCount":0,"hasContent":false,"attachmentStep":false},{"name":"Scrolling up 'Add Project' page.","time":{"start":1752433028904,"stop":1752433028909,"duration":5},"status":"passed","steps":[],"attachments":[],"parameters":[],"shouldDisplayMessage":false,"stepsCount":0,"attachmentsCount":0,"hasContent":false,"attachmentStep":false},{"name":"Open 'Defect' subtab.","time":{"start":1752433028909,"stop":1752433029006,"duration":97},"status":"passed","steps":[],"attachments":[],"parameters":[],"shouldDisplayMessage":false,"stepsCount":0,"attachmentsCount":0,"hasContent":false,"attachmentStep":false},{"name":"Scrolling up 'Add Project' page.","time":{"start":1752433029208,"stop":1752433029212,"duration":4},"status":"passed","steps":[],"attachments":[],"parameters":[],"shouldDisplayMessage":false,"stepsCount":0,"attachmentsCount":0,"hasContent":false,"attachmentStep":false},{"name":"Open 'Reference' subtab.","time":{"start":1752433029212,"stop":1752433029268,"duration":56},"status":"passed","steps":[],"attachments":[],"parameters":[],"shouldDisplayMessage":false,"stepsCount":0,"attachmentsCount":0,"hasContent":false,"attachmentStep":false},{"name":"Click on the 'Add Project' button on the 'Add Project' page.","time":{"start":1752433029461,"stop":1752433029519,"duration":58},"status":"passed","steps":[],"attachments":[],"parameters":[],"shouldDisplayMessage":false,"stepsCount":0,"attachmentsCount":0,"hasContent":false,"attachmentStep":false}],"attachments":[],"parameters":[{"name":"project","value":"dto.Project@1fd9f80d"}],"shouldDisplayMessage":false,"stepsCount":6,"attachmentsCount":0,"hasContent":true,"attachmentStep":false},{"name":"Get ID for the project.","time":{"start":1752433029858,"stop":1752433029872,"duration":14},"status":"passed","steps":[],"attachments":[],"parameters":[{"name":"projectName","value":"Boyle-Murray"}],"shouldDisplayMessage":false,"stepsCount":0,"attachmentsCount":0,"hasContent":true,"attachmentStep":false},{"name":"Open Project by id.","time":{"start":1752433029872,"stop":1752433030106,"duration":234},"status":"passed","steps":[],"attachments":[],"parameters":[{"name":"projectId","value":"608"}],"shouldDisplayMessage":false,"stepsCount":0,"attachmentsCount":0,"hasContent":true,"attachmentStep":false}],"attachments":[],"parameters":[],"shouldDisplayMessage":false,"stepsCount":10,"attachmentsCount":0,"hasContent":true,"attachmentStep":false},{"name":"Creating a Test Run.","time":{"start":1752433030106,"stop":1752433035481,"duration":5375},"status":"failed","statusMessage":"The 'Test Runs & Results' page is not opened","statusTrace":"java.lang.AssertionError: The 'Test Runs & Results' page is not opened\n\tat org.testng.Assert.fail(Assert.java:111)\n\tat pages.TestRunsPage.isPageOpened(TestRunsPage.java:36)\n\tat steps.ui.TestRunStep.createTestRun(TestRunStep.java:33)\n\tat tests.ui.TestRunTest.checkEditTestRunTest(TestRunTest.java:40)\n\tat java.base/jdk.internal.reflect.NativeMethodAccessorImpl.invoke0(Native Method)\n\tat java.base/jdk.internal.reflect.NativeMethodAccessorImpl.invoke(NativeMethodAccessorImpl.java:77)\n\tat java.base/jdk.internal.reflect.DelegatingMethodAccessorImpl.invoke(DelegatingMethodAccessorImpl.java:43)\n\tat java.base/java.lang.reflect.Method.invoke(Method.java:569)\n\tat org.testng.internal.invokers.MethodInvocationHelper.invokeMethod(MethodInvocationHelper.java:141)\n\tat org.testng.internal.invokers.TestInvoker.invokeMethod(TestInvoker.java:687)\n\tat org.testng.internal.invokers.TestInvoker.retryFailed(TestInvoker.java:269)\n\tat org.testng.internal.invokers.MethodRunner.runInSequence(MethodRunner.java:76)\n\tat org.testng.internal.invokers.TestInvoker$MethodInvocationAgent.invoke(TestInvoker.java:995)\n\tat org.testng.internal.invokers.TestInvoker.invokeTestMethods(TestInvoker.java:203)\n\tat org.testng.internal.invokers.TestMethodWorker.invokeTestMethods(TestMethodWorker.java:154)\n\tat org.testng.internal.invokers.TestMethodWorker.run(TestMethodWorker.java:134)\n\tat java.base/java.util.ArrayList.forEach(ArrayList.java:1511)\n\tat org.testng.TestRunner.privateRun(TestRunner.java:741)\n\tat org.testng.TestRunner.run(TestRunner.java:616)\n\tat org.testng.SuiteRunner.runTest(SuiteRunner.java:421)\n\tat org.testng.SuiteRunner$SuiteWorker.run(SuiteRunner.java:463)\n\tat org.testng.internal.thread.ThreadUtil.lambda$execute$0(ThreadUtil.java:64)\n\tat java.base/java.util.concurrent.FutureTask.run(FutureTask.java:264)\n\tat java.base/java.util.concurrent.ThreadPoolExecutor.runWorker(ThreadPoolExecutor.java:1136)\n\tat java.base/java.util.concurrent.ThreadPoolExecutor$Worker.run(ThreadPoolExecutor.java:635)\n\tat java.base/java.lang.Thread.run(Thread.java:840)\n","steps":[{"name":"Opening the 'Test Runs & Results' page for the project.","time":{"start":1752433030137,"stop":1752433030427,"duration":290},"status":"passed","steps":[],"attachments":[],"parameters":[],"shouldDisplayMessage":false,"stepsCount":0,"attachmentsCount":0,"hasContent":false,"attachmentStep":false}],"attachments":[],"parameters":[],"shouldDisplayMessage":true,"stepsCount":1,"attachmentsCount":0,"hasContent":true,"attachmentStep":false}],"attachments":[],"parameters":[],"shouldDisplayMessage":false,"stepsCount":16,"attachmentsCount":0,"hasContent":true,"attachmentStep":false},"afterStages":[{"name":"Close browser","time":{"start":1752433035483,"stop":1752433035707,"duration":224},"description":"Close browser","status":"passed","steps":[],"attachments":[{"uid":"6e812ffd15b72b29","name":"screenshot","source":"6e812ffd15b72b29.png","type":"image/png","size":83183}],"parameters":[],"shouldDisplayMessage":false,"stepsCount":0,"attachmentsCount":1,"hasContent":true,"attachmentStep":false}],"labels":[{"name":"package","value":"tests.ui.TestRunTest"},{"name":"testClass","value":"tests.ui.TestRunTest"},{"name":"testMethod","value":"checkEditTestRunTest"},{"name":"parentSuite","value":"Test Rail Regression Test"},{"name":"suite","value":"Mat"},{"name":"subSuite","value":"tests.ui.TestRunTest"},{"name":"host","value":"pkrvmq0rgcvqdmg"},{"name":"thread","value":"2540@pkrvmq0rgcvqdmg.TestNG-tests-1(21)"},{"name":"framework","value":"testng"},{"name":"language","value":"java"},{"name":"epic","value":"Test Run"},{"name":"owner","value":"Evgeny Sabuk"},{"name":"resultFormat","value":"allure2"}],"parameters":[{"name":"Test Coverage","value":"Mat"}],"links":[],"hidden":false,"retry":false,"extra":{"severity":"normal","owner":"Evgeny Sabuk","retries":[{"uid":"fe42a068d79bcd58","status":"skipped","statusDetails":"The 'Test Runs & Results' page is not opened","time":{"start":1752433015311,"stop":1752433025084,"duration":9773}},{"uid":"e156774e9c794cb7","status":"skipped","statusDetails":"The 'Test Runs & Results' page is not opened","time":{"start":1752433005023,"stop":1752433014766,"duration":9743}}],"categories":[{"name":"Product defects","matchedStatuses":[],"flaky":false}],"history":{"statistic":{"failed":1,"broken":0,"skipped":0,"passed":3,"unknown":0,"total":4},"items":[{"uid":"80324f3710468c5d","reportUrl":"https://EvSabuk.github.io/TestRail/8//#testresult/80324f3710468c5d","status":"passed","time":{"start":1752430483582,"stop":1752430494040,"duration":10458}},{"uid":"7c3677510a551900","reportUrl":"https://EvSabuk.github.io/TestRail/7//#testresult/7c3677510a551900","status":"passed","time":{"start":1752430085519,"stop":1752430093397,"duration":7878}},{"uid":"575ccdc15c479ee0","reportUrl":"https://EvSabuk.github.io/TestRail/6//#testresult/575ccdc15c479ee0","status":"passed","time":{"start":1752429592776,"stop":1752429602426,"duration":9650}}]},"tags":[]},"source":"f9ff044e77cac363.json","parameterValues":["Mat"]}