{"uid":"bedd6f0a0f1c8ce4","name":"checkEditProjectTest","fullName":"tests.ui.ProjectTest.checkEditProjectTest","historyId":"25eca9f55e667ce575c43a93821e8b06","time":{"start":1752430494472,"stop":1752430500840,"duration":6368},"description":"Check Project editing.","descriptionHtml":"<p>Check Project editing.</p>\n","status":"skipped","statusMessage":"element click intercepted: Element <td class=\"action\">...</td> is not clickable at point (1845, 1063). Other element would receive the click: <img id=\"pendo-image-badge-32cf3f20\" src=\"data:image/svg+xml;base64,PHN2ZyB3aWR0aD0iNTYiIGhlaWdodD0iNTYiIHZpZXdCb3g9IjAgMCA1NiA1NiIgZmlsbD0ibm9uZSIgeG1sbnM9Imh0dHA6Ly93d3cudzMub3JnLzIwMDAvc3ZnIj4KICAgIDxjaXJjbGUgY3g9IjI4IiBjeT0iMjgiIHI9IjI4IiBmaWxsPSIjNjVDMTc5Ii8+CiAgICA8cGF0aCBkPSJNMTkuMzUyNiAxOS43NzVDMTkuOTk5OCAxNy45MzU0IDIxLjI3NzEgMTYuMzg0MiAyMi45NTg0IDE1LjM5NjFDMjQuNjM5NiAxNC40MDggMjYuNjE2MyAxNC4wNDY4IDI4LjUzODQgMTQuMzc2NUMzMC40NjA0IDE0LjcwNjIgMzIuMjAzOCAxNS43MDU1IDMzLjQ1OTcgMTcuMTk3M0MzNC43MTU1IDE4LjY4OTIgMzUuNDAyOSAyMC41Nzc0IDM1LjQgMjIuNTI3NkMzNS40IDI4LjAzMjcgMjcuMTQyMyAzMC43ODUyIDI3LjE0MjMgMzAuNzg1MlYzMy44NjA3IiBzdHJva2U9IndoaXRlIiBzdHJva2Utd2lkdGg9IjQiIHN0cm9rZS1saW5lY2FwPSJyb3VuZCIgc3Ryb2tlLWxpbmVqb2luPSJyb3VuZCIvPgogICAgPHBhdGggZD0iTTI2Ljg5MjIgNDMuNjYyNEMyOC4xNDE0IDQzLjY2MjQgMjkuMTU0MSA0Mi42NDk3IDI5LjE1NDEgNDEuNDAwNUMyOS4xNTQxIDQwLjE1MTMgMjguMTQxNCAzOS4xMzg2IDI2Ljg5MjIgMzkuMTM4NkMyNS42NDMgMzkuMTM4NiAyNC42MzAzIDQwLjE1MTMgMjQuNjMwMyA0MS40MDA1QzI0LjYzMDMgNDIuNjQ5NyAyNS42NDMgNDMuNjYyNCAyNi44OTIyIDQzLjY2MjRaIiBmaWxsPSJ3aGl0ZSIvPgo8L3N2Zz4=\" alt=\"\" data-_pendo-image-1=\"\" class=\"_pendo-image _pendo-badge-image _pendo-resource-center-badge-image\" style=\"display: block; height: 56px; width: 56px; padding: 0px; margin: 0px; line-height: 1; border: none; box-shadow: rgba(255, 255, 255, 0) 0px 0px 0px 0px; float: none; vertical-align: baseline;\">\n  (Session info: chrome=138.0.7204.100)\nBuild info: version: '4.32.0', revision: 'd17c8aa950'\nSystem info: os.name: 'Linux', os.arch: 'amd64', os.version: '6.11.0-1018-azure', java.version: '17.0.15'\nDriver info: org.openqa.selenium.chrome.ChromeDriver\nCommand: [c14efaab23461554bf455c87ce690826, clickElement {id=f.8851E59D38F17B42889AF4C36B618C69.d.243177465094871C80A0957F2E7DB193.e.287}]\nCapabilities {acceptInsecureCerts: false, browserName: chrome, browserVersion: 138.0.7204.100, chrome: {chromedriverVersion: 138.0.7204.94 (545025748884..., userDataDir: /tmp/.org.chromium.Chromium...}, fedcm:accounts: true, goog:chromeOptions: {debuggerAddress: localhost:46447}, networkConnectionEnabled: false, pageLoadStrategy: normal, platformName: linux, proxy: Proxy(), se:cdp: ws://localhost:46447/devtoo..., se:cdpVersion: 138.0.7204.100, setWindowRect: true, strictFileInteractability: false, timeouts: {implicit: 0, pageLoad: 300000, script: 30000}, unhandledPromptBehavior: dismiss and notify, webauthn:extension:credBlob: true, webauthn:extension:largeBlob: true, webauthn:extension:minPinLength: true, webauthn:extension:prf: true, webauthn:virtualAuthenticators: true}\nElement: [[ChromeDriver: chrome on linux (c14efaab23461554bf455c87ce690826)] -> xpath: //table//tr//td//a[contains(., 'Satterfield Inc')]/following::td[1]]\nSession ID: c14efaab23461554bf455c87ce690826","statusTrace":"org.openqa.selenium.ElementClickInterceptedException: element click intercepted: Element <td class=\"action\">...</td> is not clickable at point (1845, 1063). Other element would receive the click: <img id=\"pendo-image-badge-32cf3f20\" src=\"data:image/svg+xml;base64,PHN2ZyB3aWR0aD0iNTYiIGhlaWdodD0iNTYiIHZpZXdCb3g9IjAgMCA1NiA1NiIgZmlsbD0ibm9uZSIgeG1sbnM9Imh0dHA6Ly93d3cudzMub3JnLzIwMDAvc3ZnIj4KICAgIDxjaXJjbGUgY3g9IjI4IiBjeT0iMjgiIHI9IjI4IiBmaWxsPSIjNjVDMTc5Ii8+CiAgICA8cGF0aCBkPSJNMTkuMzUyNiAxOS43NzVDMTkuOTk5OCAxNy45MzU0IDIxLjI3NzEgMTYuMzg0MiAyMi45NTg0IDE1LjM5NjFDMjQuNjM5NiAxNC40MDggMjYuNjE2MyAxNC4wNDY4IDI4LjUzODQgMTQuMzc2NUMzMC40NjA0IDE0LjcwNjIgMzIuMjAzOCAxNS43MDU1IDMzLjQ1OTcgMTcuMTk3M0MzNC43MTU1IDE4LjY4OTIgMzUuNDAyOSAyMC41Nzc0IDM1LjQgMjIuNTI3NkMzNS40IDI4LjAzMjcgMjcuMTQyMyAzMC43ODUyIDI3LjE0MjMgMzAuNzg1MlYzMy44NjA3IiBzdHJva2U9IndoaXRlIiBzdHJva2Utd2lkdGg9IjQiIHN0cm9rZS1saW5lY2FwPSJyb3VuZCIgc3Ryb2tlLWxpbmVqb2luPSJyb3VuZCIvPgogICAgPHBhdGggZD0iTTI2Ljg5MjIgNDMuNjYyNEMyOC4xNDE0IDQzLjY2MjQgMjkuMTU0MSA0Mi42NDk3IDI5LjE1NDEgNDEuNDAwNUMyOS4xNTQxIDQwLjE1MTMgMjguMTQxNCAzOS4xMzg2IDI2Ljg5MjIgMzkuMTM4NkMyNS42NDMgMzkuMTM4NiAyNC42MzAzIDQwLjE1MTMgMjQuNjMwMyA0MS40MDA1QzI0LjYzMDMgNDIuNjQ5NyAyNS42NDMgNDMuNjYyNCAyNi44OTIyIDQzLjY2MjRaIiBmaWxsPSJ3aGl0ZSIvPgo8L3N2Zz4=\" alt=\"\" data-_pendo-image-1=\"\" class=\"_pendo-image _pendo-badge-image _pendo-resource-center-badge-image\" style=\"display: block; height: 56px; width: 56px; padding: 0px; margin: 0px; line-height: 1; border: none; box-shadow: rgba(255, 255, 255, 0) 0px 0px 0px 0px; float: none; vertical-align: baseline;\">\n  (Session info: chrome=138.0.7204.100)\nBuild info: version: '4.32.0', revision: 'd17c8aa950'\nSystem info: os.name: 'Linux', os.arch: 'amd64', os.version: '6.11.0-1018-azure', java.version: '17.0.15'\nDriver info: org.openqa.selenium.chrome.ChromeDriver\nCommand: [c14efaab23461554bf455c87ce690826, clickElement {id=f.8851E59D38F17B42889AF4C36B618C69.d.243177465094871C80A0957F2E7DB193.e.287}]\nCapabilities {acceptInsecureCerts: false, browserName: chrome, browserVersion: 138.0.7204.100, chrome: {chromedriverVersion: 138.0.7204.94 (545025748884..., userDataDir: /tmp/.org.chromium.Chromium...}, fedcm:accounts: true, goog:chromeOptions: {debuggerAddress: localhost:46447}, networkConnectionEnabled: false, pageLoadStrategy: normal, platformName: linux, proxy: Proxy(), se:cdp: ws://localhost:46447/devtoo..., se:cdpVersion: 138.0.7204.100, setWindowRect: true, strictFileInteractability: false, timeouts: {implicit: 0, pageLoad: 300000, script: 30000}, unhandledPromptBehavior: dismiss and notify, webauthn:extension:credBlob: true, webauthn:extension:largeBlob: true, webauthn:extension:minPinLength: true, webauthn:extension:prf: true, webauthn:virtualAuthenticators: true}\nElement: [[ChromeDriver: chrome on linux (c14efaab23461554bf455c87ce690826)] -> xpath: //table//tr//td//a[contains(., 'Satterfield Inc')]/following::td[1]]\nSession ID: c14efaab23461554bf455c87ce690826\n\tat java.base/jdk.internal.reflect.NativeConstructorAccessorImpl.newInstance0(Native Method)\n\tat java.base/jdk.internal.reflect.NativeConstructorAccessorImpl.newInstance(NativeConstructorAccessorImpl.java:77)\n\tat java.base/jdk.internal.reflect.DelegatingConstructorAccessorImpl.newInstance(DelegatingConstructorAccessorImpl.java:45)\n\tat java.base/java.lang.reflect.Constructor.newInstanceWithCaller(Constructor.java:500)\n\tat java.base/java.lang.reflect.Constructor.newInstance(Constructor.java:481)\n\tat org.openqa.selenium.remote.ErrorCodec.decode(ErrorCodec.java:167)\n\tat org.openqa.selenium.remote.codec.w3c.W3CHttpResponseCodec.decode(W3CHttpResponseCodec.java:138)\n\tat org.openqa.selenium.remote.codec.w3c.W3CHttpResponseCodec.decode(W3CHttpResponseCodec.java:50)\n\tat org.openqa.selenium.remote.HttpCommandExecutor.execute(HttpCommandExecutor.java:215)\n\tat org.openqa.selenium.remote.service.DriverCommandExecutor.invokeExecute(DriverCommandExecutor.java:216)\n\tat org.openqa.selenium.remote.service.DriverCommandExecutor.execute(DriverCommandExecutor.java:174)\n\tat org.openqa.selenium.remote.RemoteWebDriver.execute(RemoteWebDriver.java:545)\n\tat org.openqa.selenium.remote.RemoteWebElement.execute(RemoteWebElement.java:223)\n\tat org.openqa.selenium.remote.RemoteWebElement.click(RemoteWebElement.java:76)\n\tat pages.ProjectsPage.openEditProject(ProjectsPage.java:70)\n\tat tests.ui.ProjectTest.checkEditProjectTest(ProjectTest.java:54)\n\tat java.base/jdk.internal.reflect.NativeMethodAccessorImpl.invoke0(Native Method)\n\tat java.base/jdk.internal.reflect.NativeMethodAccessorImpl.invoke(NativeMethodAccessorImpl.java:77)\n\tat java.base/jdk.internal.reflect.DelegatingMethodAccessorImpl.invoke(DelegatingMethodAccessorImpl.java:43)\n\tat java.base/java.lang.reflect.Method.invoke(Method.java:569)\n\tat org.testng.internal.invokers.MethodInvocationHelper.invokeMethod(MethodInvocationHelper.java:141)\n\tat org.testng.internal.invokers.TestInvoker.invokeMethod(TestInvoker.java:687)\n\tat org.testng.internal.invokers.TestInvoker.invokeTestMethod(TestInvoker.java:230)\n\tat org.testng.internal.invokers.MethodRunner.runInSequence(MethodRunner.java:63)\n\tat org.testng.internal.invokers.TestInvoker$MethodInvocationAgent.invoke(TestInvoker.java:995)\n\tat org.testng.internal.invokers.TestInvoker.invokeTestMethods(TestInvoker.java:203)\n\tat org.testng.internal.invokers.TestMethodWorker.invokeTestMethods(TestMethodWorker.java:154)\n\tat org.testng.internal.invokers.TestMethodWorker.run(TestMethodWorker.java:134)\n\tat java.base/java.util.ArrayList.forEach(ArrayList.java:1511)\n\tat org.testng.TestRunner.privateRun(TestRunner.java:741)\n\tat org.testng.TestRunner.run(TestRunner.java:616)\n\tat org.testng.SuiteRunner.runTest(SuiteRunner.java:421)\n\tat org.testng.SuiteRunner$SuiteWorker.run(SuiteRunner.java:463)\n\tat org.testng.internal.thread.ThreadUtil.lambda$execute$0(ThreadUtil.java:64)\n\tat java.base/java.util.concurrent.FutureTask.run(FutureTask.java:264)\n\tat java.base/java.util.concurrent.ThreadPoolExecutor.runWorker(ThreadPoolExecutor.java:1136)\n\tat java.base/java.util.concurrent.ThreadPoolExecutor$Worker.run(ThreadPoolExecutor.java:635)\n\tat java.base/java.lang.Thread.run(Thread.java:840)\n","flaky":false,"newFailed":false,"newBroken":false,"newPassed":false,"retriesCount":0,"retriesStatusChange":false,"beforeStages":[{"name":"Setup browser","time":{"start":1752430494118,"stop":1752430494470,"duration":352},"description":"Setup browser","status":"passed","steps":[],"attachments":[],"parameters":[],"shouldDisplayMessage":false,"stepsCount":0,"attachmentsCount":0,"hasContent":false,"attachmentStep":false}],"testStage":{"description":"Check Project editing.","status":"skipped","statusMessage":"element click intercepted: Element <td class=\"action\">...</td> is not clickable at point (1845, 1063). Other element would receive the click: <img id=\"pendo-image-badge-32cf3f20\" src=\"data:image/svg+xml;base64,PHN2ZyB3aWR0aD0iNTYiIGhlaWdodD0iNTYiIHZpZXdCb3g9IjAgMCA1NiA1NiIgZmlsbD0ibm9uZSIgeG1sbnM9Imh0dHA6Ly93d3cudzMub3JnLzIwMDAvc3ZnIj4KICAgIDxjaXJjbGUgY3g9IjI4IiBjeT0iMjgiIHI9IjI4IiBmaWxsPSIjNjVDMTc5Ii8+CiAgICA8cGF0aCBkPSJNMTkuMzUyNiAxOS43NzVDMTkuOTk5OCAxNy45MzU0IDIxLjI3NzEgMTYuMzg0MiAyMi45NTg0IDE1LjM5NjFDMjQuNjM5NiAxNC40MDggMjYuNjE2MyAxNC4wNDY4IDI4LjUzODQgMTQuMzc2NUMzMC40NjA0IDE0LjcwNjIgMzIuMjAzOCAxNS43MDU1IDMzLjQ1OTcgMTcuMTk3M0MzNC43MTU1IDE4LjY4OTIgMzUuNDAyOSAyMC41Nzc0IDM1LjQgMjIuNTI3NkMzNS40IDI4LjAzMjcgMjcuMTQyMyAzMC43ODUyIDI3LjE0MjMgMzAuNzg1MlYzMy44NjA3IiBzdHJva2U9IndoaXRlIiBzdHJva2Utd2lkdGg9IjQiIHN0cm9rZS1saW5lY2FwPSJyb3VuZCIgc3Ryb2tlLWxpbmVqb2luPSJyb3VuZCIvPgogICAgPHBhdGggZD0iTTI2Ljg5MjIgNDMuNjYyNEMyOC4xNDE0IDQzLjY2MjQgMjkuMTU0MSA0Mi42NDk3IDI5LjE1NDEgNDEuNDAwNUMyOS4xNTQxIDQwLjE1MTMgMjguMTQxNCAzOS4xMzg2IDI2Ljg5MjIgMzkuMTM4NkMyNS42NDMgMzkuMTM4NiAyNC42MzAzIDQwLjE1MTMgMjQuNjMwMyA0MS40MDA1QzI0LjYzMDMgNDIuNjQ5NyAyNS42NDMgNDMuNjYyNCAyNi44OTIyIDQzLjY2MjRaIiBmaWxsPSJ3aGl0ZSIvPgo8L3N2Zz4=\" alt=\"\" data-_pendo-image-1=\"\" class=\"_pendo-image _pendo-badge-image _pendo-resource-center-badge-image\" style=\"display: block; height: 56px; width: 56px; padding: 0px; margin: 0px; line-height: 1; border: none; box-shadow: rgba(255, 255, 255, 0) 0px 0px 0px 0px; float: none; vertical-align: baseline;\">\n  (Session info: chrome=138.0.7204.100)\nBuild info: version: '4.32.0', revision: 'd17c8aa950'\nSystem info: os.name: 'Linux', os.arch: 'amd64', os.version: '6.11.0-1018-azure', java.version: '17.0.15'\nDriver info: org.openqa.selenium.chrome.ChromeDriver\nCommand: [c14efaab23461554bf455c87ce690826, clickElement {id=f.8851E59D38F17B42889AF4C36B618C69.d.243177465094871C80A0957F2E7DB193.e.287}]\nCapabilities {acceptInsecureCerts: false, browserName: chrome, browserVersion: 138.0.7204.100, chrome: {chromedriverVersion: 138.0.7204.94 (545025748884..., userDataDir: /tmp/.org.chromium.Chromium...}, fedcm:accounts: true, goog:chromeOptions: {debuggerAddress: localhost:46447}, networkConnectionEnabled: false, pageLoadStrategy: normal, platformName: linux, proxy: Proxy(), se:cdp: ws://localhost:46447/devtoo..., se:cdpVersion: 138.0.7204.100, setWindowRect: true, strictFileInteractability: false, timeouts: {implicit: 0, pageLoad: 300000, script: 30000}, unhandledPromptBehavior: dismiss and notify, webauthn:extension:credBlob: true, webauthn:extension:largeBlob: true, webauthn:extension:minPinLength: true, webauthn:extension:prf: true, webauthn:virtualAuthenticators: true}\nElement: [[ChromeDriver: chrome on linux (c14efaab23461554bf455c87ce690826)] -> xpath: //table//tr//td//a[contains(., 'Satterfield Inc')]/following::td[1]]\nSession ID: c14efaab23461554bf455c87ce690826","statusTrace":"org.openqa.selenium.ElementClickInterceptedException: element click intercepted: Element <td class=\"action\">...</td> is not clickable at point (1845, 1063). Other element would receive the click: <img id=\"pendo-image-badge-32cf3f20\" src=\"data:image/svg+xml;base64,PHN2ZyB3aWR0aD0iNTYiIGhlaWdodD0iNTYiIHZpZXdCb3g9IjAgMCA1NiA1NiIgZmlsbD0ibm9uZSIgeG1sbnM9Imh0dHA6Ly93d3cudzMub3JnLzIwMDAvc3ZnIj4KICAgIDxjaXJjbGUgY3g9IjI4IiBjeT0iMjgiIHI9IjI4IiBmaWxsPSIjNjVDMTc5Ii8+CiAgICA8cGF0aCBkPSJNMTkuMzUyNiAxOS43NzVDMTkuOTk5OCAxNy45MzU0IDIxLjI3NzEgMTYuMzg0MiAyMi45NTg0IDE1LjM5NjFDMjQuNjM5NiAxNC40MDggMjYuNjE2MyAxNC4wNDY4IDI4LjUzODQgMTQuMzc2NUMzMC40NjA0IDE0LjcwNjIgMzIuMjAzOCAxNS43MDU1IDMzLjQ1OTcgMTcuMTk3M0MzNC43MTU1IDE4LjY4OTIgMzUuNDAyOSAyMC41Nzc0IDM1LjQgMjIuNTI3NkMzNS40IDI4LjAzMjcgMjcuMTQyMyAzMC43ODUyIDI3LjE0MjMgMzAuNzg1MlYzMy44NjA3IiBzdHJva2U9IndoaXRlIiBzdHJva2Utd2lkdGg9IjQiIHN0cm9rZS1saW5lY2FwPSJyb3VuZCIgc3Ryb2tlLWxpbmVqb2luPSJyb3VuZCIvPgogICAgPHBhdGggZD0iTTI2Ljg5MjIgNDMuNjYyNEMyOC4xNDE0IDQzLjY2MjQgMjkuMTU0MSA0Mi42NDk3IDI5LjE1NDEgNDEuNDAwNUMyOS4xNTQxIDQwLjE1MTMgMjguMTQxNCAzOS4xMzg2IDI2Ljg5MjIgMzkuMTM4NkMyNS42NDMgMzkuMTM4NiAyNC42MzAzIDQwLjE1MTMgMjQuNjMwMyA0MS40MDA1QzI0LjYzMDMgNDIuNjQ5NyAyNS42NDMgNDMuNjYyNCAyNi44OTIyIDQzLjY2MjRaIiBmaWxsPSJ3aGl0ZSIvPgo8L3N2Zz4=\" alt=\"\" data-_pendo-image-1=\"\" class=\"_pendo-image _pendo-badge-image _pendo-resource-center-badge-image\" style=\"display: block; height: 56px; width: 56px; padding: 0px; margin: 0px; line-height: 1; border: none; box-shadow: rgba(255, 255, 255, 0) 0px 0px 0px 0px; float: none; vertical-align: baseline;\">\n  (Session info: chrome=138.0.7204.100)\nBuild info: version: '4.32.0', revision: 'd17c8aa950'\nSystem info: os.name: 'Linux', os.arch: 'amd64', os.version: '6.11.0-1018-azure', java.version: '17.0.15'\nDriver info: org.openqa.selenium.chrome.ChromeDriver\nCommand: [c14efaab23461554bf455c87ce690826, clickElement {id=f.8851E59D38F17B42889AF4C36B618C69.d.243177465094871C80A0957F2E7DB193.e.287}]\nCapabilities {acceptInsecureCerts: false, browserName: chrome, browserVersion: 138.0.7204.100, chrome: {chromedriverVersion: 138.0.7204.94 (545025748884..., userDataDir: /tmp/.org.chromium.Chromium...}, fedcm:accounts: true, goog:chromeOptions: {debuggerAddress: localhost:46447}, networkConnectionEnabled: false, pageLoadStrategy: normal, platformName: linux, proxy: Proxy(), se:cdp: ws://localhost:46447/devtoo..., se:cdpVersion: 138.0.7204.100, setWindowRect: true, strictFileInteractability: false, timeouts: {implicit: 0, pageLoad: 300000, script: 30000}, unhandledPromptBehavior: dismiss and notify, webauthn:extension:credBlob: true, webauthn:extension:largeBlob: true, webauthn:extension:minPinLength: true, webauthn:extension:prf: true, webauthn:virtualAuthenticators: true}\nElement: [[ChromeDriver: chrome on linux (c14efaab23461554bf455c87ce690826)] -> xpath: //table//tr//td//a[contains(., 'Satterfield Inc')]/following::td[1]]\nSession ID: c14efaab23461554bf455c87ce690826\n\tat java.base/jdk.internal.reflect.NativeConstructorAccessorImpl.newInstance0(Native Method)\n\tat java.base/jdk.internal.reflect.NativeConstructorAccessorImpl.newInstance(NativeConstructorAccessorImpl.java:77)\n\tat java.base/jdk.internal.reflect.DelegatingConstructorAccessorImpl.newInstance(DelegatingConstructorAccessorImpl.java:45)\n\tat java.base/java.lang.reflect.Constructor.newInstanceWithCaller(Constructor.java:500)\n\tat java.base/java.lang.reflect.Constructor.newInstance(Constructor.java:481)\n\tat org.openqa.selenium.remote.ErrorCodec.decode(ErrorCodec.java:167)\n\tat org.openqa.selenium.remote.codec.w3c.W3CHttpResponseCodec.decode(W3CHttpResponseCodec.java:138)\n\tat org.openqa.selenium.remote.codec.w3c.W3CHttpResponseCodec.decode(W3CHttpResponseCodec.java:50)\n\tat org.openqa.selenium.remote.HttpCommandExecutor.execute(HttpCommandExecutor.java:215)\n\tat org.openqa.selenium.remote.service.DriverCommandExecutor.invokeExecute(DriverCommandExecutor.java:216)\n\tat org.openqa.selenium.remote.service.DriverCommandExecutor.execute(DriverCommandExecutor.java:174)\n\tat org.openqa.selenium.remote.RemoteWebDriver.execute(RemoteWebDriver.java:545)\n\tat org.openqa.selenium.remote.RemoteWebElement.execute(RemoteWebElement.java:223)\n\tat org.openqa.selenium.remote.RemoteWebElement.click(RemoteWebElement.java:76)\n\tat pages.ProjectsPage.openEditProject(ProjectsPage.java:70)\n\tat tests.ui.ProjectTest.checkEditProjectTest(ProjectTest.java:54)\n\tat java.base/jdk.internal.reflect.NativeMethodAccessorImpl.invoke0(Native Method)\n\tat java.base/jdk.internal.reflect.NativeMethodAccessorImpl.invoke(NativeMethodAccessorImpl.java:77)\n\tat java.base/jdk.internal.reflect.DelegatingMethodAccessorImpl.invoke(DelegatingMethodAccessorImpl.java:43)\n\tat java.base/java.lang.reflect.Method.invoke(Method.java:569)\n\tat org.testng.internal.invokers.MethodInvocationHelper.invokeMethod(MethodInvocationHelper.java:141)\n\tat org.testng.internal.invokers.TestInvoker.invokeMethod(TestInvoker.java:687)\n\tat org.testng.internal.invokers.TestInvoker.invokeTestMethod(TestInvoker.java:230)\n\tat org.testng.internal.invokers.MethodRunner.runInSequence(MethodRunner.java:63)\n\tat org.testng.internal.invokers.TestInvoker$MethodInvocationAgent.invoke(TestInvoker.java:995)\n\tat org.testng.internal.invokers.TestInvoker.invokeTestMethods(TestInvoker.java:203)\n\tat org.testng.internal.invokers.TestMethodWorker.invokeTestMethods(TestMethodWorker.java:154)\n\tat org.testng.internal.invokers.TestMethodWorker.run(TestMethodWorker.java:134)\n\tat java.base/java.util.ArrayList.forEach(ArrayList.java:1511)\n\tat org.testng.TestRunner.privateRun(TestRunner.java:741)\n\tat org.testng.TestRunner.run(TestRunner.java:616)\n\tat org.testng.SuiteRunner.runTest(SuiteRunner.java:421)\n\tat org.testng.SuiteRunner$SuiteWorker.run(SuiteRunner.java:463)\n\tat org.testng.internal.thread.ThreadUtil.lambda$execute$0(ThreadUtil.java:64)\n\tat java.base/java.util.concurrent.FutureTask.run(FutureTask.java:264)\n\tat java.base/java.util.concurrent.ThreadPoolExecutor.runWorker(ThreadPoolExecutor.java:1136)\n\tat java.base/java.util.concurrent.ThreadPoolExecutor$Worker.run(ThreadPoolExecutor.java:635)\n\tat java.base/java.lang.Thread.run(Thread.java:840)\n","steps":[{"name":"Log in in the system.","time":{"start":1752430494488,"stop":1752430497335,"duration":2847},"status":"passed","steps":[{"name":"Opening 'Login' page.","time":{"start":1752430494488,"stop":1752430495816,"duration":1328},"status":"passed","steps":[],"attachments":[],"parameters":[],"shouldDisplayMessage":false,"stepsCount":0,"attachmentsCount":0,"hasContent":false,"attachmentStep":false},{"name":"Log in with credentials: email 'sabuk.zhenya@gmail.com' and password '!PerfectTechMeSkills6210485%'.","time":{"start":1752430495840,"stop":1752430497313,"duration":1473},"status":"passed","steps":[],"attachments":[],"parameters":[{"name":"user","value":"sabuk.zhenya@gmail.com"},{"name":"password","value":"!PerfectTechMeSkills6210485%"}],"shouldDisplayMessage":false,"stepsCount":0,"attachmentsCount":0,"hasContent":true,"attachmentStep":false}],"attachments":[],"parameters":[],"shouldDisplayMessage":false,"stepsCount":2,"attachmentsCount":0,"hasContent":true,"attachmentStep":false},{"name":"Creating a Project.","time":{"start":1752430497335,"stop":1752430499680,"duration":2345},"status":"passed","steps":[{"name":"Click on the 'Add Project' button and redirect to the 'Add Project' page.","time":{"start":1752430497352,"stop":1752430497971,"duration":619},"status":"passed","steps":[],"attachments":[],"parameters":[],"shouldDisplayMessage":false,"stepsCount":0,"attachmentsCount":0,"hasContent":false,"attachmentStep":false},{"name":"Creating the project.","time":{"start":1752430497992,"stop":1752430499680,"duration":1688},"status":"passed","steps":[{"name":"Scrolling down 'Add Project' page.","time":{"start":1752430498245,"stop":1752430498250,"duration":5},"status":"passed","steps":[],"attachments":[],"parameters":[],"shouldDisplayMessage":false,"stepsCount":0,"attachmentsCount":0,"hasContent":false,"attachmentStep":false},{"name":"Scrolling up 'Add Project' page.","time":{"start":1752430498308,"stop":1752430498312,"duration":4},"status":"passed","steps":[],"attachments":[],"parameters":[],"shouldDisplayMessage":false,"stepsCount":0,"attachmentsCount":0,"hasContent":false,"attachmentStep":false},{"name":"Open 'Defect' subtab.","time":{"start":1752430498312,"stop":1752430498373,"duration":61},"status":"passed","steps":[],"attachments":[],"parameters":[],"shouldDisplayMessage":false,"stepsCount":0,"attachmentsCount":0,"hasContent":false,"attachmentStep":false},{"name":"Scrolling up 'Add Project' page.","time":{"start":1752430498552,"stop":1752430498556,"duration":4},"status":"passed","steps":[],"attachments":[],"parameters":[],"shouldDisplayMessage":false,"stepsCount":0,"attachmentsCount":0,"hasContent":false,"attachmentStep":false},{"name":"Open 'Reference' subtab.","time":{"start":1752430498556,"stop":1752430498630,"duration":74},"status":"passed","steps":[],"attachments":[],"parameters":[],"shouldDisplayMessage":false,"stepsCount":0,"attachmentsCount":0,"hasContent":false,"attachmentStep":false},{"name":"Click on the 'Add Project' button on the 'Add Project' page.","time":{"start":1752430498834,"stop":1752430499680,"duration":846},"status":"passed","steps":[],"attachments":[],"parameters":[],"shouldDisplayMessage":false,"stepsCount":0,"attachmentsCount":0,"hasContent":false,"attachmentStep":false}],"attachments":[],"parameters":[{"name":"project","value":"dto.Project@65d8d402"}],"shouldDisplayMessage":false,"stepsCount":6,"attachmentsCount":0,"hasContent":true,"attachmentStep":false}],"attachments":[],"parameters":[],"shouldDisplayMessage":false,"stepsCount":8,"attachmentsCount":0,"hasContent":true,"attachmentStep":false},{"name":"Editing the project.","time":{"start":1752430499698,"stop":1752430500839,"duration":1141},"status":"broken","statusMessage":"element click intercepted: Element <td class=\"action\">...</td> is not clickable at point (1845, 1063). Other element would receive the click: <img id=\"pendo-image-badge-32cf3f20\" src=\"data:image/svg+xml;base64,PHN2ZyB3aWR0aD0iNTYiIGhlaWdodD0iNTYiIHZpZXdCb3g9IjAgMCA1NiA1NiIgZmlsbD0ibm9uZSIgeG1sbnM9Imh0dHA6Ly93d3cudzMub3JnLzIwMDAvc3ZnIj4KICAgIDxjaXJjbGUgY3g9IjI4IiBjeT0iMjgiIHI9IjI4IiBmaWxsPSIjNjVDMTc5Ii8+CiAgICA8cGF0aCBkPSJNMTkuMzUyNiAxOS43NzVDMTkuOTk5OCAxNy45MzU0IDIxLjI3NzEgMTYuMzg0MiAyMi45NTg0IDE1LjM5NjFDMjQuNjM5NiAxNC40MDggMjYuNjE2MyAxNC4wNDY4IDI4LjUzODQgMTQuMzc2NUMzMC40NjA0IDE0LjcwNjIgMzIuMjAzOCAxNS43MDU1IDMzLjQ1OTcgMTcuMTk3M0MzNC43MTU1IDE4LjY4OTIgMzUuNDAyOSAyMC41Nzc0IDM1LjQgMjIuNTI3NkMzNS40IDI4LjAzMjcgMjcuMTQyMyAzMC43ODUyIDI3LjE0MjMgMzAuNzg1MlYzMy44NjA3IiBzdHJva2U9IndoaXRlIiBzdHJva2Utd2lkdGg9IjQiIHN0cm9rZS1saW5lY2FwPSJyb3VuZCIgc3Ryb2tlLWxpbmVqb2luPSJyb3VuZCIvPgogICAgPHBhdGggZD0iTTI2Ljg5MjIgNDMuNjYyNEMyOC4xNDE0IDQzLjY2MjQgMjkuMTU0MSA0Mi42NDk3IDI5LjE1NDEgNDEuNDAwNUMyOS4xNTQxIDQwLjE1MTMgMjguMTQxNCAzOS4xMzg2IDI2Ljg5MjIgMzkuMTM4NkMyNS42NDMgMzkuMTM4NiAyNC42MzAzIDQwLjE1MTMgMjQuNjMwMyA0MS40MDA1QzI0LjYzMDMgNDIuNjQ5NyAyNS42NDMgNDMuNjYyNCAyNi44OTIyIDQzLjY2MjRaIiBmaWxsPSJ3aGl0ZSIvPgo8L3N2Zz4=\" alt=\"\" data-_pendo-image-1=\"\" class=\"_pendo-image _pendo-badge-image _pendo-resource-center-badge-image\" style=\"display: block; height: 56px; width: 56px; padding: 0px; margin: 0px; line-height: 1; border: none; box-shadow: rgba(255, 255, 255, 0) 0px 0px 0px 0px; float: none; vertical-align: baseline;\">\n  (Session info: chrome=138.0.7204.100)\nBuild info: version: '4.32.0', revision: 'd17c8aa950'\nSystem info: os.name: 'Linux', os.arch: 'amd64', os.version: '6.11.0-1018-azure', java.version: '17.0.15'\nDriver info: org.openqa.selenium.chrome.ChromeDriver\nCommand: [c14efaab23461554bf455c87ce690826, clickElement {id=f.8851E59D38F17B42889AF4C36B618C69.d.243177465094871C80A0957F2E7DB193.e.287}]\nCapabilities {acceptInsecureCerts: false, browserName: chrome, browserVersion: 138.0.7204.100, chrome: {chromedriverVersion: 138.0.7204.94 (545025748884..., userDataDir: /tmp/.org.chromium.Chromium...}, fedcm:accounts: true, goog:chromeOptions: {debuggerAddress: localhost:46447}, networkConnectionEnabled: false, pageLoadStrategy: normal, platformName: linux, proxy: Proxy(), se:cdp: ws://localhost:46447/devtoo..., se:cdpVersion: 138.0.7204.100, setWindowRect: true, strictFileInteractability: false, timeouts: {implicit: 0, pageLoad: 300000, script: 30000}, unhandledPromptBehavior: dismiss and notify, webauthn:extension:credBlob: true, webauthn:extension:largeBlob: true, webauthn:extension:minPinLength: true, webauthn:extension:prf: true, webauthn:virtualAuthenticators: true}\nElement: [[ChromeDriver: chrome on linux (c14efaab23461554bf455c87ce690826)] -> xpath: //table//tr//td//a[contains(., 'Satterfield Inc')]/following::td[1]]\nSession ID: c14efaab23461554bf455c87ce690826","statusTrace":"org.openqa.selenium.ElementClickInterceptedException: element click intercepted: Element <td class=\"action\">...</td> is not clickable at point (1845, 1063). Other element would receive the click: <img id=\"pendo-image-badge-32cf3f20\" src=\"data:image/svg+xml;base64,PHN2ZyB3aWR0aD0iNTYiIGhlaWdodD0iNTYiIHZpZXdCb3g9IjAgMCA1NiA1NiIgZmlsbD0ibm9uZSIgeG1sbnM9Imh0dHA6Ly93d3cudzMub3JnLzIwMDAvc3ZnIj4KICAgIDxjaXJjbGUgY3g9IjI4IiBjeT0iMjgiIHI9IjI4IiBmaWxsPSIjNjVDMTc5Ii8+CiAgICA8cGF0aCBkPSJNMTkuMzUyNiAxOS43NzVDMTkuOTk5OCAxNy45MzU0IDIxLjI3NzEgMTYuMzg0MiAyMi45NTg0IDE1LjM5NjFDMjQuNjM5NiAxNC40MDggMjYuNjE2MyAxNC4wNDY4IDI4LjUzODQgMTQuMzc2NUMzMC40NjA0IDE0LjcwNjIgMzIuMjAzOCAxNS43MDU1IDMzLjQ1OTcgMTcuMTk3M0MzNC43MTU1IDE4LjY4OTIgMzUuNDAyOSAyMC41Nzc0IDM1LjQgMjIuNTI3NkMzNS40IDI4LjAzMjcgMjcuMTQyMyAzMC43ODUyIDI3LjE0MjMgMzAuNzg1MlYzMy44NjA3IiBzdHJva2U9IndoaXRlIiBzdHJva2Utd2lkdGg9IjQiIHN0cm9rZS1saW5lY2FwPSJyb3VuZCIgc3Ryb2tlLWxpbmVqb2luPSJyb3VuZCIvPgogICAgPHBhdGggZD0iTTI2Ljg5MjIgNDMuNjYyNEMyOC4xNDE0IDQzLjY2MjQgMjkuMTU0MSA0Mi42NDk3IDI5LjE1NDEgNDEuNDAwNUMyOS4xNTQxIDQwLjE1MTMgMjguMTQxNCAzOS4xMzg2IDI2Ljg5MjIgMzkuMTM4NkMyNS42NDMgMzkuMTM4NiAyNC42MzAzIDQwLjE1MTMgMjQuNjMwMyA0MS40MDA1QzI0LjYzMDMgNDIuNjQ5NyAyNS42NDMgNDMuNjYyNCAyNi44OTIyIDQzLjY2MjRaIiBmaWxsPSJ3aGl0ZSIvPgo8L3N2Zz4=\" alt=\"\" data-_pendo-image-1=\"\" class=\"_pendo-image _pendo-badge-image _pendo-resource-center-badge-image\" style=\"display: block; height: 56px; width: 56px; padding: 0px; margin: 0px; line-height: 1; border: none; box-shadow: rgba(255, 255, 255, 0) 0px 0px 0px 0px; float: none; vertical-align: baseline;\">\n  (Session info: chrome=138.0.7204.100)\nBuild info: version: '4.32.0', revision: 'd17c8aa950'\nSystem info: os.name: 'Linux', os.arch: 'amd64', os.version: '6.11.0-1018-azure', java.version: '17.0.15'\nDriver info: org.openqa.selenium.chrome.ChromeDriver\nCommand: [c14efaab23461554bf455c87ce690826, clickElement {id=f.8851E59D38F17B42889AF4C36B618C69.d.243177465094871C80A0957F2E7DB193.e.287}]\nCapabilities {acceptInsecureCerts: false, browserName: chrome, browserVersion: 138.0.7204.100, chrome: {chromedriverVersion: 138.0.7204.94 (545025748884..., userDataDir: /tmp/.org.chromium.Chromium...}, fedcm:accounts: true, goog:chromeOptions: {debuggerAddress: localhost:46447}, networkConnectionEnabled: false, pageLoadStrategy: normal, platformName: linux, proxy: Proxy(), se:cdp: ws://localhost:46447/devtoo..., se:cdpVersion: 138.0.7204.100, setWindowRect: true, strictFileInteractability: false, timeouts: {implicit: 0, pageLoad: 300000, script: 30000}, unhandledPromptBehavior: dismiss and notify, webauthn:extension:credBlob: true, webauthn:extension:largeBlob: true, webauthn:extension:minPinLength: true, webauthn:extension:prf: true, webauthn:virtualAuthenticators: true}\nElement: [[ChromeDriver: chrome on linux (c14efaab23461554bf455c87ce690826)] -> xpath: //table//tr//td//a[contains(., 'Satterfield Inc')]/following::td[1]]\nSession ID: c14efaab23461554bf455c87ce690826\n\tat java.base/jdk.internal.reflect.NativeConstructorAccessorImpl.newInstance0(Native Method)\n\tat java.base/jdk.internal.reflect.NativeConstructorAccessorImpl.newInstance(NativeConstructorAccessorImpl.java:77)\n\tat java.base/jdk.internal.reflect.DelegatingConstructorAccessorImpl.newInstance(DelegatingConstructorAccessorImpl.java:45)\n\tat java.base/java.lang.reflect.Constructor.newInstanceWithCaller(Constructor.java:500)\n\tat java.base/java.lang.reflect.Constructor.newInstance(Constructor.java:481)\n\tat org.openqa.selenium.remote.ErrorCodec.decode(ErrorCodec.java:167)\n\tat org.openqa.selenium.remote.codec.w3c.W3CHttpResponseCodec.decode(W3CHttpResponseCodec.java:138)\n\tat org.openqa.selenium.remote.codec.w3c.W3CHttpResponseCodec.decode(W3CHttpResponseCodec.java:50)\n\tat org.openqa.selenium.remote.HttpCommandExecutor.execute(HttpCommandExecutor.java:215)\n\tat org.openqa.selenium.remote.service.DriverCommandExecutor.invokeExecute(DriverCommandExecutor.java:216)\n\tat org.openqa.selenium.remote.service.DriverCommandExecutor.execute(DriverCommandExecutor.java:174)\n\tat org.openqa.selenium.remote.RemoteWebDriver.execute(RemoteWebDriver.java:545)\n\tat org.openqa.selenium.remote.RemoteWebElement.execute(RemoteWebElement.java:223)\n\tat org.openqa.selenium.remote.RemoteWebElement.click(RemoteWebElement.java:76)\n\tat pages.ProjectsPage.openEditProject(ProjectsPage.java:70)\n\tat tests.ui.ProjectTest.checkEditProjectTest(ProjectTest.java:54)\n\tat java.base/jdk.internal.reflect.NativeMethodAccessorImpl.invoke0(Native Method)\n\tat java.base/jdk.internal.reflect.NativeMethodAccessorImpl.invoke(NativeMethodAccessorImpl.java:77)\n\tat java.base/jdk.internal.reflect.DelegatingMethodAccessorImpl.invoke(DelegatingMethodAccessorImpl.java:43)\n\tat java.base/java.lang.reflect.Method.invoke(Method.java:569)\n\tat org.testng.internal.invokers.MethodInvocationHelper.invokeMethod(MethodInvocationHelper.java:141)\n\tat org.testng.internal.invokers.TestInvoker.invokeMethod(TestInvoker.java:687)\n\tat org.testng.internal.invokers.TestInvoker.invokeTestMethod(TestInvoker.java:230)\n\tat org.testng.internal.invokers.MethodRunner.runInSequence(MethodRunner.java:63)\n\tat org.testng.internal.invokers.TestInvoker$MethodInvocationAgent.invoke(TestInvoker.java:995)\n\tat org.testng.internal.invokers.TestInvoker.invokeTestMethods(TestInvoker.java:203)\n\tat org.testng.internal.invokers.TestMethodWorker.invokeTestMethods(TestMethodWorker.java:154)\n\tat org.testng.internal.invokers.TestMethodWorker.run(TestMethodWorker.java:134)\n\tat java.base/java.util.ArrayList.forEach(ArrayList.java:1511)\n\tat org.testng.TestRunner.privateRun(TestRunner.java:741)\n\tat org.testng.TestRunner.run(TestRunner.java:616)\n\tat org.testng.SuiteRunner.runTest(SuiteRunner.java:421)\n\tat org.testng.SuiteRunner$SuiteWorker.run(SuiteRunner.java:463)\n\tat org.testng.internal.thread.ThreadUtil.lambda$execute$0(ThreadUtil.java:64)\n\tat java.base/java.util.concurrent.FutureTask.run(FutureTask.java:264)\n\tat java.base/java.util.concurrent.ThreadPoolExecutor.runWorker(ThreadPoolExecutor.java:1136)\n\tat java.base/java.util.concurrent.ThreadPoolExecutor$Worker.run(ThreadPoolExecutor.java:635)\n\tat java.base/java.lang.Thread.run(Thread.java:840)\n","steps":[],"attachments":[],"parameters":[{"name":"projectName","value":"Satterfield Inc"}],"shouldDisplayMessage":true,"stepsCount":0,"attachmentsCount":0,"hasContent":true,"attachmentStep":false}],"attachments":[],"parameters":[],"shouldDisplayMessage":false,"stepsCount":13,"attachmentsCount":0,"hasContent":true,"attachmentStep":false},"afterStages":[{"name":"Close browser","time":{"start":1752430500842,"stop":1752430500911,"duration":69},"description":"Close browser","status":"passed","steps":[],"attachments":[],"parameters":[],"shouldDisplayMessage":false,"stepsCount":0,"attachmentsCount":0,"hasContent":false,"attachmentStep":false}],"labels":[{"name":"package","value":"tests.ui.ProjectTest"},{"name":"testClass","value":"tests.ui.ProjectTest"},{"name":"testMethod","value":"checkEditProjectTest"},{"name":"parentSuite","value":"Test Rail Regression Test"},{"name":"suite","value":"Mat"},{"name":"subSuite","value":"tests.ui.ProjectTest"},{"name":"host","value":"pkrvmq0rgcvqdmg"},{"name":"thread","value":"2558@pkrvmq0rgcvqdmg.TestNG-tests-1(21)"},{"name":"framework","value":"testng"},{"name":"language","value":"java"},{"name":"owner","value":"Evgeny Sabuk"},{"name":"epic","value":"Project"},{"name":"resultFormat","value":"allure2"}],"parameters":[{"name":"Test Coverage","value":"Mat"}],"links":[],"hidden":true,"retry":true,"extra":{"categories":[],"tags":[]},"source":"bedd6f0a0f1c8ce4.json","parameterValues":["Mat"]}