{"uid":"53f4562cbb5aefa4","name":"checkCreateTestRunTest","fullName":"tests.ui.TestRunTest.checkCreateTestRunTest","historyId":"98bffccdc3b4fc0e4ca410ab3befefd3","time":{"start":1752920897388,"stop":1752920907777,"duration":10389},"description":"Check Test Run creation.","descriptionHtml":"<p>Check Test Run creation.</p>\n","status":"skipped","statusMessage":"The 'Test Runs & Results' page is not opened","statusTrace":"java.lang.AssertionError: The 'Test Runs & Results' page is not opened\n\tat org.testng.Assert.fail(Assert.java:111)\n\tat pages.TestRunsPage.isPageOpened(TestRunsPage.java:36)\n\tat tests.ui.TestRunTest.checkCreateTestRunTest(TestRunTest.java:24)\n\tat java.base/jdk.internal.reflect.NativeMethodAccessorImpl.invoke0(Native Method)\n\tat java.base/jdk.internal.reflect.NativeMethodAccessorImpl.invoke(NativeMethodAccessorImpl.java:77)\n\tat java.base/jdk.internal.reflect.DelegatingMethodAccessorImpl.invoke(DelegatingMethodAccessorImpl.java:43)\n\tat java.base/java.lang.reflect.Method.invoke(Method.java:569)\n\tat org.testng.internal.invokers.MethodInvocationHelper.invokeMethod(MethodInvocationHelper.java:141)\n\tat org.testng.internal.invokers.TestInvoker.invokeMethod(TestInvoker.java:687)\n\tat org.testng.internal.invokers.TestInvoker.retryFailed(TestInvoker.java:269)\n\tat org.testng.internal.invokers.MethodRunner.runInSequence(MethodRunner.java:76)\n\tat org.testng.internal.invokers.TestInvoker$MethodInvocationAgent.invoke(TestInvoker.java:995)\n\tat org.testng.internal.invokers.TestInvoker.invokeTestMethods(TestInvoker.java:203)\n\tat org.testng.internal.invokers.TestMethodWorker.invokeTestMethods(TestMethodWorker.java:154)\n\tat org.testng.internal.invokers.TestMethodWorker.run(TestMethodWorker.java:134)\n\tat java.base/java.util.ArrayList.forEach(ArrayList.java:1511)\n\tat org.testng.TestRunner.privateRun(TestRunner.java:741)\n\tat org.testng.TestRunner.run(TestRunner.java:616)\n\tat org.testng.SuiteRunner.runTest(SuiteRunner.java:421)\n\tat org.testng.SuiteRunner$SuiteWorker.run(SuiteRunner.java:463)\n\tat org.testng.internal.thread.ThreadUtil.lambda$execute$0(ThreadUtil.java:64)\n\tat java.base/java.util.concurrent.FutureTask.run(FutureTask.java:264)\n\tat java.base/java.util.concurrent.ThreadPoolExecutor.runWorker(ThreadPoolExecutor.java:1136)\n\tat java.base/java.util.concurrent.ThreadPoolExecutor$Worker.run(ThreadPoolExecutor.java:635)\n\tat java.base/java.lang.Thread.run(Thread.java:840)\n","flaky":false,"newFailed":false,"newBroken":false,"newPassed":false,"retriesCount":0,"retriesStatusChange":false,"beforeStages":[{"name":"Setup browser","time":{"start":1752920897049,"stop":1752920897386,"duration":337},"description":"Setup browser","status":"passed","steps":[],"attachments":[],"parameters":[],"shouldDisplayMessage":false,"stepsCount":0,"attachmentsCount":0,"hasContent":false,"attachmentStep":false}],"testStage":{"description":"Check Test Run creation.","status":"skipped","statusMessage":"The 'Test Runs & Results' page is not opened","statusTrace":"java.lang.AssertionError: The 'Test Runs & Results' page is not opened\n\tat org.testng.Assert.fail(Assert.java:111)\n\tat pages.TestRunsPage.isPageOpened(TestRunsPage.java:36)\n\tat tests.ui.TestRunTest.checkCreateTestRunTest(TestRunTest.java:24)\n\tat java.base/jdk.internal.reflect.NativeMethodAccessorImpl.invoke0(Native Method)\n\tat java.base/jdk.internal.reflect.NativeMethodAccessorImpl.invoke(NativeMethodAccessorImpl.java:77)\n\tat java.base/jdk.internal.reflect.DelegatingMethodAccessorImpl.invoke(DelegatingMethodAccessorImpl.java:43)\n\tat java.base/java.lang.reflect.Method.invoke(Method.java:569)\n\tat org.testng.internal.invokers.MethodInvocationHelper.invokeMethod(MethodInvocationHelper.java:141)\n\tat org.testng.internal.invokers.TestInvoker.invokeMethod(TestInvoker.java:687)\n\tat org.testng.internal.invokers.TestInvoker.retryFailed(TestInvoker.java:269)\n\tat org.testng.internal.invokers.MethodRunner.runInSequence(MethodRunner.java:76)\n\tat org.testng.internal.invokers.TestInvoker$MethodInvocationAgent.invoke(TestInvoker.java:995)\n\tat org.testng.internal.invokers.TestInvoker.invokeTestMethods(TestInvoker.java:203)\n\tat org.testng.internal.invokers.TestMethodWorker.invokeTestMethods(TestMethodWorker.java:154)\n\tat org.testng.internal.invokers.TestMethodWorker.run(TestMethodWorker.java:134)\n\tat java.base/java.util.ArrayList.forEach(ArrayList.java:1511)\n\tat org.testng.TestRunner.privateRun(TestRunner.java:741)\n\tat org.testng.TestRunner.run(TestRunner.java:616)\n\tat org.testng.SuiteRunner.runTest(SuiteRunner.java:421)\n\tat org.testng.SuiteRunner$SuiteWorker.run(SuiteRunner.java:463)\n\tat org.testng.internal.thread.ThreadUtil.lambda$execute$0(ThreadUtil.java:64)\n\tat java.base/java.util.concurrent.FutureTask.run(FutureTask.java:264)\n\tat java.base/java.util.concurrent.ThreadPoolExecutor.runWorker(ThreadPoolExecutor.java:1136)\n\tat java.base/java.util.concurrent.ThreadPoolExecutor$Worker.run(ThreadPoolExecutor.java:635)\n\tat java.base/java.lang.Thread.run(Thread.java:840)\n","steps":[{"name":"Log in in the system.","time":{"start":1752920897390,"stop":1752920899901,"duration":2511},"status":"passed","steps":[{"name":"Opening 'Login' page.","time":{"start":1752920897390,"stop":1752920898530,"duration":1140},"status":"passed","steps":[],"attachments":[],"parameters":[],"shouldDisplayMessage":false,"stepsCount":0,"attachmentsCount":0,"hasContent":false,"attachmentStep":false},{"name":"Log in with credentials: email 'sabuk.zhenya@gmail.com' and password '!PerfectTechMeSkills6210485%'.","time":{"start":1752920898547,"stop":1752920898730,"duration":183},"status":"passed","steps":[],"attachments":[],"parameters":[{"name":"user","value":"sabuk.zhenya@gmail.com"},{"name":"password","value":"!PerfectTechMeSkills6210485%"}],"shouldDisplayMessage":false,"stepsCount":0,"attachmentsCount":0,"hasContent":true,"attachmentStep":false}],"attachments":[],"parameters":[],"shouldDisplayMessage":false,"stepsCount":2,"attachmentsCount":0,"hasContent":true,"attachmentStep":false},{"name":"Creating a Project and open it.","time":{"start":1752920899901,"stop":1752920902324,"duration":2423},"status":"passed","steps":[{"name":"Click on the 'Add Project' button and redirect to the 'Add Project' page.","time":{"start":1752920899914,"stop":1752920900532,"duration":618},"status":"passed","steps":[],"attachments":[],"parameters":[],"shouldDisplayMessage":false,"stepsCount":0,"attachmentsCount":0,"hasContent":false,"attachmentStep":false},{"name":"Creating the project.","time":{"start":1752920900548,"stop":1752920901802,"duration":1254},"status":"passed","steps":[{"name":"Scrolling down 'Add Project' page.","time":{"start":1752920900808,"stop":1752920900812,"duration":4},"status":"passed","steps":[],"attachments":[],"parameters":[],"shouldDisplayMessage":false,"stepsCount":0,"attachmentsCount":0,"hasContent":false,"attachmentStep":false},{"name":"Scrolling up 'Add Project' page.","time":{"start":1752920900869,"stop":1752920900873,"duration":4},"status":"passed","steps":[],"attachments":[],"parameters":[],"shouldDisplayMessage":false,"stepsCount":0,"attachmentsCount":0,"hasContent":false,"attachmentStep":false},{"name":"Open 'Defect' subtab.","time":{"start":1752920900873,"stop":1752920900929,"duration":56},"status":"passed","steps":[],"attachments":[],"parameters":[],"shouldDisplayMessage":false,"stepsCount":0,"attachmentsCount":0,"hasContent":false,"attachmentStep":false},{"name":"Scrolling up 'Add Project' page.","time":{"start":1752920901111,"stop":1752920901114,"duration":3},"status":"passed","steps":[],"attachments":[],"parameters":[],"shouldDisplayMessage":false,"stepsCount":0,"attachmentsCount":0,"hasContent":false,"attachmentStep":false},{"name":"Open 'Reference' subtab.","time":{"start":1752920901114,"stop":1752920901177,"duration":63},"status":"passed","steps":[],"attachments":[],"parameters":[],"shouldDisplayMessage":false,"stepsCount":0,"attachmentsCount":0,"hasContent":false,"attachmentStep":false},{"name":"Click on the 'Add Project' button on the 'Add Project' page.","time":{"start":1752920901369,"stop":1752920901802,"duration":433},"status":"passed","steps":[],"attachments":[],"parameters":[],"shouldDisplayMessage":false,"stepsCount":0,"attachmentsCount":0,"hasContent":false,"attachmentStep":false}],"attachments":[],"parameters":[{"name":"project","value":"dto.Project@7073b5b6"}],"shouldDisplayMessage":false,"stepsCount":6,"attachmentsCount":0,"hasContent":true,"attachmentStep":false},{"name":"Get ID for the project.","time":{"start":1752920901910,"stop":1752920901923,"duration":13},"status":"passed","steps":[],"attachments":[],"parameters":[{"name":"projectName","value":"Koch Inc"}],"shouldDisplayMessage":false,"stepsCount":0,"attachmentsCount":0,"hasContent":true,"attachmentStep":false},{"name":"Open Project by id.","time":{"start":1752920901923,"stop":1752920902324,"duration":401},"status":"passed","steps":[],"attachments":[],"parameters":[{"name":"projectId","value":"872"}],"shouldDisplayMessage":false,"stepsCount":0,"attachmentsCount":0,"hasContent":true,"attachmentStep":false}],"attachments":[],"parameters":[],"shouldDisplayMessage":false,"stepsCount":10,"attachmentsCount":0,"hasContent":true,"attachmentStep":false},{"name":"Opening the 'Test Runs & Results' page for the project.","time":{"start":1752920902341,"stop":1752920902752,"duration":411},"status":"passed","steps":[],"attachments":[],"parameters":[],"shouldDisplayMessage":false,"stepsCount":0,"attachmentsCount":0,"hasContent":false,"attachmentStep":false}],"attachments":[],"parameters":[],"shouldDisplayMessage":true,"stepsCount":15,"attachmentsCount":0,"hasContent":true,"attachmentStep":false},"afterStages":[{"name":"Close browser","time":{"start":1752920907778,"stop":1752920907849,"duration":71},"description":"Close browser","status":"passed","steps":[],"attachments":[],"parameters":[],"shouldDisplayMessage":false,"stepsCount":0,"attachmentsCount":0,"hasContent":false,"attachmentStep":false}],"labels":[{"name":"package","value":"tests.ui.TestRunTest"},{"name":"testClass","value":"tests.ui.TestRunTest"},{"name":"testMethod","value":"checkCreateTestRunTest"},{"name":"parentSuite","value":"Test Rail Regression Test"},{"name":"suite","value":"Smoke"},{"name":"subSuite","value":"tests.ui.TestRunTest"},{"name":"host","value":"pkrvmq0rgcvqdmg"},{"name":"thread","value":"2519@pkrvmq0rgcvqdmg.TestNG-tests-2(22)"},{"name":"framework","value":"testng"},{"name":"language","value":"java"},{"name":"epic","value":"Test Run"},{"name":"owner","value":"Evgeny Sabuk"},{"name":"resultFormat","value":"allure2"}],"parameters":[{"name":"Test Coverage","value":"Smoke"}],"links":[],"hidden":true,"retry":true,"extra":{"categories":[],"tags":[]},"source":"53f4562cbb5aefa4.json","parameterValues":["Smoke"]}