{"uid":"60fd0a7858b6ad18","name":"checkEditTestRunTest","fullName":"tests.ui.TestRunTest.checkEditTestRunTest","historyId":"4bdce8791a72eda1423ba24f124c09fe","time":{"start":1752921251177,"stop":1752921262721,"duration":11544},"description":"Check Test Run editing.","descriptionHtml":"<p>Check Test Run editing.</p>\n","status":"skipped","statusMessage":"The 'Test Runs & Results' page is not opened","statusTrace":"java.lang.AssertionError: The 'Test Runs & Results' page is not opened\n\tat org.testng.Assert.fail(Assert.java:111)\n\tat pages.TestRunsPage.isPageOpened(TestRunsPage.java:36)\n\tat steps.ui.TestRunStep.createTestRun(TestRunStep.java:33)\n\tat tests.ui.TestRunTest.checkEditTestRunTest(TestRunTest.java:40)\n\tat java.base/jdk.internal.reflect.NativeMethodAccessorImpl.invoke0(Native Method)\n\tat java.base/jdk.internal.reflect.NativeMethodAccessorImpl.invoke(NativeMethodAccessorImpl.java:77)\n\tat java.base/jdk.internal.reflect.DelegatingMethodAccessorImpl.invoke(DelegatingMethodAccessorImpl.java:43)\n\tat java.base/java.lang.reflect.Method.invoke(Method.java:569)\n\tat org.testng.internal.invokers.MethodInvocationHelper.invokeMethod(MethodInvocationHelper.java:141)\n\tat org.testng.internal.invokers.TestInvoker.invokeMethod(TestInvoker.java:687)\n\tat org.testng.internal.invokers.TestInvoker.invokeTestMethod(TestInvoker.java:230)\n\tat org.testng.internal.invokers.MethodRunner.runInSequence(MethodRunner.java:63)\n\tat org.testng.internal.invokers.TestInvoker$MethodInvocationAgent.invoke(TestInvoker.java:995)\n\tat org.testng.internal.invokers.TestInvoker.invokeTestMethods(TestInvoker.java:203)\n\tat org.testng.internal.invokers.TestMethodWorker.invokeTestMethods(TestMethodWorker.java:154)\n\tat org.testng.internal.invokers.TestMethodWorker.run(TestMethodWorker.java:134)\n\tat java.base/java.util.ArrayList.forEach(ArrayList.java:1511)\n\tat org.testng.TestRunner.privateRun(TestRunner.java:741)\n\tat org.testng.TestRunner.run(TestRunner.java:616)\n\tat org.testng.SuiteRunner.runTest(SuiteRunner.java:421)\n\tat org.testng.SuiteRunner$SuiteWorker.run(SuiteRunner.java:463)\n\tat org.testng.internal.thread.ThreadUtil.lambda$execute$0(ThreadUtil.java:64)\n\tat java.base/java.util.concurrent.FutureTask.run(FutureTask.java:264)\n\tat java.base/java.util.concurrent.ThreadPoolExecutor.runWorker(ThreadPoolExecutor.java:1136)\n\tat java.base/java.util.concurrent.ThreadPoolExecutor$Worker.run(ThreadPoolExecutor.java:635)\n\tat java.base/java.lang.Thread.run(Thread.java:840)\n","flaky":false,"newFailed":false,"newBroken":false,"newPassed":false,"retriesCount":0,"retriesStatusChange":false,"beforeStages":[{"name":"Setup browser","time":{"start":1752921250829,"stop":1752921251175,"duration":346},"description":"Setup browser","status":"passed","steps":[],"attachments":[],"parameters":[],"shouldDisplayMessage":false,"stepsCount":0,"attachmentsCount":0,"hasContent":false,"attachmentStep":false}],"testStage":{"description":"Check Test Run editing.","status":"skipped","statusMessage":"The 'Test Runs & Results' page is not opened","statusTrace":"java.lang.AssertionError: The 'Test Runs & Results' page is not opened\n\tat org.testng.Assert.fail(Assert.java:111)\n\tat pages.TestRunsPage.isPageOpened(TestRunsPage.java:36)\n\tat steps.ui.TestRunStep.createTestRun(TestRunStep.java:33)\n\tat tests.ui.TestRunTest.checkEditTestRunTest(TestRunTest.java:40)\n\tat java.base/jdk.internal.reflect.NativeMethodAccessorImpl.invoke0(Native Method)\n\tat java.base/jdk.internal.reflect.NativeMethodAccessorImpl.invoke(NativeMethodAccessorImpl.java:77)\n\tat java.base/jdk.internal.reflect.DelegatingMethodAccessorImpl.invoke(DelegatingMethodAccessorImpl.java:43)\n\tat java.base/java.lang.reflect.Method.invoke(Method.java:569)\n\tat org.testng.internal.invokers.MethodInvocationHelper.invokeMethod(MethodInvocationHelper.java:141)\n\tat org.testng.internal.invokers.TestInvoker.invokeMethod(TestInvoker.java:687)\n\tat org.testng.internal.invokers.TestInvoker.invokeTestMethod(TestInvoker.java:230)\n\tat org.testng.internal.invokers.MethodRunner.runInSequence(MethodRunner.java:63)\n\tat org.testng.internal.invokers.TestInvoker$MethodInvocationAgent.invoke(TestInvoker.java:995)\n\tat org.testng.internal.invokers.TestInvoker.invokeTestMethods(TestInvoker.java:203)\n\tat org.testng.internal.invokers.TestMethodWorker.invokeTestMethods(TestMethodWorker.java:154)\n\tat org.testng.internal.invokers.TestMethodWorker.run(TestMethodWorker.java:134)\n\tat java.base/java.util.ArrayList.forEach(ArrayList.java:1511)\n\tat org.testng.TestRunner.privateRun(TestRunner.java:741)\n\tat org.testng.TestRunner.run(TestRunner.java:616)\n\tat org.testng.SuiteRunner.runTest(SuiteRunner.java:421)\n\tat org.testng.SuiteRunner$SuiteWorker.run(SuiteRunner.java:463)\n\tat org.testng.internal.thread.ThreadUtil.lambda$execute$0(ThreadUtil.java:64)\n\tat java.base/java.util.concurrent.FutureTask.run(FutureTask.java:264)\n\tat java.base/java.util.concurrent.ThreadPoolExecutor.runWorker(ThreadPoolExecutor.java:1136)\n\tat java.base/java.util.concurrent.ThreadPoolExecutor$Worker.run(ThreadPoolExecutor.java:635)\n\tat java.base/java.lang.Thread.run(Thread.java:840)\n","steps":[{"name":"Log in in the system.","time":{"start":1752921251179,"stop":1752921254223,"duration":3044},"status":"passed","steps":[{"name":"Opening 'Login' page.","time":{"start":1752921251179,"stop":1752921252793,"duration":1614},"status":"passed","steps":[],"attachments":[],"parameters":[],"shouldDisplayMessage":false,"stepsCount":0,"attachmentsCount":0,"hasContent":false,"attachmentStep":false},{"name":"Log in with credentials: email 'sabuk.zhenya@gmail.com' and password '!PerfectTechMeSkills6210485%'.","time":{"start":1752921252813,"stop":1752921253001,"duration":188},"status":"passed","steps":[],"attachments":[],"parameters":[{"name":"user","value":"sabuk.zhenya@gmail.com"},{"name":"password","value":"!PerfectTechMeSkills6210485%"}],"shouldDisplayMessage":false,"stepsCount":0,"attachmentsCount":0,"hasContent":true,"attachmentStep":false}],"attachments":[],"parameters":[],"shouldDisplayMessage":false,"stepsCount":2,"attachmentsCount":0,"hasContent":true,"attachmentStep":false},{"name":"Creating a Project and open it.","time":{"start":1752921254223,"stop":1752921257077,"duration":2854},"status":"passed","steps":[{"name":"Click on the 'Add Project' button and redirect to the 'Add Project' page.","time":{"start":1752921254238,"stop":1752921254891,"duration":653},"status":"passed","steps":[],"attachments":[],"parameters":[],"shouldDisplayMessage":false,"stepsCount":0,"attachmentsCount":0,"hasContent":false,"attachmentStep":false},{"name":"Creating the project.","time":{"start":1752921254912,"stop":1752921255932,"duration":1020},"status":"passed","steps":[{"name":"Scrolling down 'Add Project' page.","time":{"start":1752921255225,"stop":1752921255232,"duration":7},"status":"passed","steps":[],"attachments":[],"parameters":[],"shouldDisplayMessage":false,"stepsCount":0,"attachmentsCount":0,"hasContent":false,"attachmentStep":false},{"name":"Scrolling up 'Add Project' page.","time":{"start":1752921255311,"stop":1752921255315,"duration":4},"status":"passed","steps":[],"attachments":[],"parameters":[],"shouldDisplayMessage":false,"stepsCount":0,"attachmentsCount":0,"hasContent":false,"attachmentStep":false},{"name":"Open 'Defect' subtab.","time":{"start":1752921255315,"stop":1752921255383,"duration":68},"status":"passed","steps":[],"attachments":[],"parameters":[],"shouldDisplayMessage":false,"stepsCount":0,"attachmentsCount":0,"hasContent":false,"attachmentStep":false},{"name":"Scrolling up 'Add Project' page.","time":{"start":1752921255619,"stop":1752921255623,"duration":4},"status":"passed","steps":[],"attachments":[],"parameters":[],"shouldDisplayMessage":false,"stepsCount":0,"attachmentsCount":0,"hasContent":false,"attachmentStep":false},{"name":"Open 'Reference' subtab.","time":{"start":1752921255623,"stop":1752921255681,"duration":58},"status":"passed","steps":[],"attachments":[],"parameters":[],"shouldDisplayMessage":false,"stepsCount":0,"attachmentsCount":0,"hasContent":false,"attachmentStep":false},{"name":"Click on the 'Add Project' button on the 'Add Project' page.","time":{"start":1752921255878,"stop":1752921255932,"duration":54},"status":"passed","steps":[],"attachments":[],"parameters":[],"shouldDisplayMessage":false,"stepsCount":0,"attachmentsCount":0,"hasContent":false,"attachmentStep":false}],"attachments":[],"parameters":[{"name":"project","value":"dto.Project@71026f6a"}],"shouldDisplayMessage":false,"stepsCount":6,"attachmentsCount":0,"hasContent":true,"attachmentStep":false},{"name":"Get ID for the project.","time":{"start":1752921256542,"stop":1752921256557,"duration":15},"status":"passed","steps":[],"attachments":[],"parameters":[{"name":"projectName","value":"Quitzon-Smitham"}],"shouldDisplayMessage":false,"stepsCount":0,"attachmentsCount":0,"hasContent":true,"attachmentStep":false},{"name":"Open Project by id.","time":{"start":1752921256557,"stop":1752921257077,"duration":520},"status":"passed","steps":[],"attachments":[],"parameters":[{"name":"projectId","value":"896"}],"shouldDisplayMessage":false,"stepsCount":0,"attachmentsCount":0,"hasContent":true,"attachmentStep":false}],"attachments":[],"parameters":[],"shouldDisplayMessage":false,"stepsCount":10,"attachmentsCount":0,"hasContent":true,"attachmentStep":false},{"name":"Creating a Test Run.","time":{"start":1752921257077,"stop":1752921262721,"duration":5644},"status":"failed","statusMessage":"The 'Test Runs & Results' page is not opened","statusTrace":"java.lang.AssertionError: The 'Test Runs & Results' page is not opened\n\tat org.testng.Assert.fail(Assert.java:111)\n\tat pages.TestRunsPage.isPageOpened(TestRunsPage.java:36)\n\tat steps.ui.TestRunStep.createTestRun(TestRunStep.java:33)\n\tat tests.ui.TestRunTest.checkEditTestRunTest(TestRunTest.java:40)\n\tat java.base/jdk.internal.reflect.NativeMethodAccessorImpl.invoke0(Native Method)\n\tat java.base/jdk.internal.reflect.NativeMethodAccessorImpl.invoke(NativeMethodAccessorImpl.java:77)\n\tat java.base/jdk.internal.reflect.DelegatingMethodAccessorImpl.invoke(DelegatingMethodAccessorImpl.java:43)\n\tat java.base/java.lang.reflect.Method.invoke(Method.java:569)\n\tat org.testng.internal.invokers.MethodInvocationHelper.invokeMethod(MethodInvocationHelper.java:141)\n\tat org.testng.internal.invokers.TestInvoker.invokeMethod(TestInvoker.java:687)\n\tat org.testng.internal.invokers.TestInvoker.invokeTestMethod(TestInvoker.java:230)\n\tat org.testng.internal.invokers.MethodRunner.runInSequence(MethodRunner.java:63)\n\tat org.testng.internal.invokers.TestInvoker$MethodInvocationAgent.invoke(TestInvoker.java:995)\n\tat org.testng.internal.invokers.TestInvoker.invokeTestMethods(TestInvoker.java:203)\n\tat org.testng.internal.invokers.TestMethodWorker.invokeTestMethods(TestMethodWorker.java:154)\n\tat org.testng.internal.invokers.TestMethodWorker.run(TestMethodWorker.java:134)\n\tat java.base/java.util.ArrayList.forEach(ArrayList.java:1511)\n\tat org.testng.TestRunner.privateRun(TestRunner.java:741)\n\tat org.testng.TestRunner.run(TestRunner.java:616)\n\tat org.testng.SuiteRunner.runTest(SuiteRunner.java:421)\n\tat org.testng.SuiteRunner$SuiteWorker.run(SuiteRunner.java:463)\n\tat org.testng.internal.thread.ThreadUtil.lambda$execute$0(ThreadUtil.java:64)\n\tat java.base/java.util.concurrent.FutureTask.run(FutureTask.java:264)\n\tat java.base/java.util.concurrent.ThreadPoolExecutor.runWorker(ThreadPoolExecutor.java:1136)\n\tat java.base/java.util.concurrent.ThreadPoolExecutor$Worker.run(ThreadPoolExecutor.java:635)\n\tat java.base/java.lang.Thread.run(Thread.java:840)\n","steps":[{"name":"Opening the 'Test Runs & Results' page for the project.","time":{"start":1752921257097,"stop":1752921257663,"duration":566},"status":"passed","steps":[],"attachments":[],"parameters":[],"shouldDisplayMessage":false,"stepsCount":0,"attachmentsCount":0,"hasContent":false,"attachmentStep":false}],"attachments":[],"parameters":[],"shouldDisplayMessage":true,"stepsCount":1,"attachmentsCount":0,"hasContent":true,"attachmentStep":false}],"attachments":[],"parameters":[],"shouldDisplayMessage":false,"stepsCount":16,"attachmentsCount":0,"hasContent":true,"attachmentStep":false},"afterStages":[{"name":"Close browser","time":{"start":1752921262725,"stop":1752921262799,"duration":74},"description":"Close browser","status":"passed","steps":[],"attachments":[],"parameters":[],"shouldDisplayMessage":false,"stepsCount":0,"attachmentsCount":0,"hasContent":false,"attachmentStep":false}],"labels":[{"name":"package","value":"tests.ui.TestRunTest"},{"name":"testClass","value":"tests.ui.TestRunTest"},{"name":"testMethod","value":"checkEditTestRunTest"},{"name":"parentSuite","value":"Test Rail Regression Test"},{"name":"suite","value":"Mat"},{"name":"subSuite","value":"tests.ui.TestRunTest"},{"name":"host","value":"pkrvmq0rgcvqdmg"},{"name":"thread","value":"2533@pkrvmq0rgcvqdmg.TestNG-tests-1(21)"},{"name":"framework","value":"testng"},{"name":"language","value":"java"},{"name":"epic","value":"Test Run"},{"name":"owner","value":"Evgeny Sabuk"},{"name":"resultFormat","value":"allure2"}],"parameters":[{"name":"Test Coverage","value":"Mat"}],"links":[],"hidden":true,"retry":true,"extra":{"categories":[],"tags":[]},"source":"60fd0a7858b6ad18.json","parameterValues":["Mat"]}