{"uid":"66c7bdc84aec4381","name":"createNewProjectTest","fullName":"tests.api.CRUDProjectTest.createNewProjectTest","historyId":"4930a7a6e0d8619b211c067e6e5881ce","time":{"start":1752920405087,"stop":1752920405088,"duration":1},"description":"Check Project creation.","descriptionHtml":"<p>Check Project creation.</p>\n","status":"skipped","statusMessage":"Could not start a new session. Response code 500. Message: session not created: probably user data directory is already in use, please specify a unique value for --user-data-dir argument, or don't use --user-data-dir \nHost info: host: 'pkrvmq0rgcvqdmg', ip: '10.1.0.116'\nBuild info: version: '4.32.0', revision: 'd17c8aa950'\nSystem info: os.name: 'Linux', os.arch: 'amd64', os.version: '6.11.0-1018-azure', java.version: '17.0.15'\nDriver info: org.openqa.selenium.chrome.ChromeDriver\nCommand: [null, newSession {capabilities=[Capabilities {browserName: chrome, goog:chromeOptions: {args: [--incognito, --disable-notifications, --disable-popup-blocking, --disable-infobars, --no-sandbox, --disable-dev-shm-usage, --disable-gpu], binary: /usr/bin/google-chrome, extensions: [], prefs: {credentials_enable_service: false, profile.password_manager_enabled: false}}}]}]","statusTrace":"org.openqa.selenium.SessionNotCreatedException: Could not start a new session. Response code 500. Message: session not created: probably user data directory is already in use, please specify a unique value for --user-data-dir argument, or don't use --user-data-dir \nHost info: host: 'pkrvmq0rgcvqdmg', ip: '10.1.0.116'\nBuild info: version: '4.32.0', revision: 'd17c8aa950'\nSystem info: os.name: 'Linux', os.arch: 'amd64', os.version: '6.11.0-1018-azure', java.version: '17.0.15'\nDriver info: org.openqa.selenium.chrome.ChromeDriver\nCommand: [null, newSession {capabilities=[Capabilities {browserName: chrome, goog:chromeOptions: {args: [--incognito, --disable-notifications, --disable-popup-blocking, --disable-infobars, --no-sandbox, --disable-dev-shm-usage, --disable-gpu], binary: /usr/bin/google-chrome, extensions: [], prefs: {credentials_enable_service: false, profile.password_manager_enabled: false}}}]}]\n\tat org.openqa.selenium.remote.ProtocolHandshake.createSession(ProtocolHandshake.java:114)\n\tat org.openqa.selenium.remote.ProtocolHandshake.createSession(ProtocolHandshake.java:75)\n\tat org.openqa.selenium.remote.ProtocolHandshake.createSession(ProtocolHandshake.java:61)\n\tat org.openqa.selenium.remote.HttpCommandExecutor.execute(HttpCommandExecutor.java:187)\n\tat org.openqa.selenium.remote.service.DriverCommandExecutor.invokeExecute(DriverCommandExecutor.java:216)\n\tat org.openqa.selenium.remote.service.DriverCommandExecutor.execute(DriverCommandExecutor.java:174)\n\tat org.openqa.selenium.remote.RemoteWebDriver.execute(RemoteWebDriver.java:545)\n\tat org.openqa.selenium.remote.RemoteWebDriver.startSession(RemoteWebDriver.java:245)\n\tat org.openqa.selenium.remote.RemoteWebDriver.<init>(RemoteWebDriver.java:174)\n\tat org.openqa.selenium.chromium.ChromiumDriver.<init>(ChromiumDriver.java:110)\n\tat org.openqa.selenium.chrome.ChromeDriver.<init>(ChromeDriver.java:88)\n\tat org.openqa.selenium.chrome.ChromeDriver.<init>(ChromeDriver.java:83)\n\tat org.openqa.selenium.chrome.ChromeDriver.<init>(ChromeDriver.java:72)\n\tat tests.ui.BaseTest.setup(BaseTest.java:65)\n\tat java.base/jdk.internal.reflect.NativeMethodAccessorImpl.invoke0(Native Method)\n\tat java.base/jdk.internal.reflect.NativeMethodAccessorImpl.invoke(NativeMethodAccessorImpl.java:77)\n\tat java.base/jdk.internal.reflect.DelegatingMethodAccessorImpl.invoke(DelegatingMethodAccessorImpl.java:43)\n\tat java.base/java.lang.reflect.Method.invoke(Method.java:569)\n\tat org.testng.internal.invokers.MethodInvocationHelper.invokeMethod(MethodInvocationHelper.java:141)\n\tat org.testng.internal.invokers.MethodInvocationHelper.invokeMethodConsideringTimeout(MethodInvocationHelper.java:71)\n\tat org.testng.internal.invokers.ConfigInvoker.invokeConfigurationMethod(ConfigInvoker.java:400)\n\tat org.testng.internal.invokers.ConfigInvoker.invokeConfigurations(ConfigInvoker.java:333)\n\tat org.testng.internal.invokers.TestInvoker.runConfigMethods(TestInvoker.java:836)\n\tat org.testng.internal.invokers.TestInvoker.invokeMethod(TestInvoker.java:601)\n\tat org.testng.internal.invokers.TestInvoker.invokeTestMethod(TestInvoker.java:230)\n\tat org.testng.internal.invokers.MethodRunner.runInSequence(MethodRunner.java:63)\n\tat org.testng.internal.invokers.TestInvoker$MethodInvocationAgent.invoke(TestInvoker.java:995)\n\tat org.testng.internal.invokers.TestInvoker.invokeTestMethods(TestInvoker.java:203)\n\tat org.testng.internal.invokers.TestMethodWorker.invokeTestMethods(TestMethodWorker.java:154)\n\tat org.testng.internal.invokers.TestMethodWorker.run(TestMethodWorker.java:134)\n\tat java.base/java.util.ArrayList.forEach(ArrayList.java:1511)\n\tat org.testng.TestRunner.privateRun(TestRunner.java:741)\n\tat org.testng.TestRunner.run(TestRunner.java:616)\n\tat org.testng.SuiteRunner.runTest(SuiteRunner.java:421)\n\tat org.testng.SuiteRunner$SuiteWorker.run(SuiteRunner.java:463)\n\tat org.testng.internal.thread.ThreadUtil.lambda$execute$0(ThreadUtil.java:64)\n\tat java.base/java.util.concurrent.FutureTask.run(FutureTask.java:264)\n\tat java.base/java.util.concurrent.ThreadPoolExecutor.runWorker(ThreadPoolExecutor.java:1136)\n\tat java.base/java.util.concurrent.ThreadPoolExecutor$Worker.run(ThreadPoolExecutor.java:635)\n\tat java.base/java.lang.Thread.run(Thread.java:840)\n","flaky":false,"newFailed":false,"newBroken":false,"newPassed":false,"retriesCount":0,"retriesStatusChange":false,"beforeStages":[{"name":"Setup browser","time":{"start":1752920399053,"stop":1752920404950,"duration":5897},"description":"Setup browser","status":"broken","statusMessage":"Could not start a new session. Response code 500. Message: session not created: probably user data directory is already in use, please specify a unique value for --user-data-dir argument, or don't use --user-data-dir \nHost info: host: 'pkrvmq0rgcvqdmg', ip: '10.1.0.116'\nBuild info: version: '4.32.0', revision: 'd17c8aa950'\nSystem info: os.name: 'Linux', os.arch: 'amd64', os.version: '6.11.0-1018-azure', java.version: '17.0.15'\nDriver info: org.openqa.selenium.chrome.ChromeDriver\nCommand: [null, newSession {capabilities=[Capabilities {browserName: chrome, goog:chromeOptions: {args: [--incognito, --disable-notifications, --disable-popup-blocking, --disable-infobars, --no-sandbox, --disable-dev-shm-usage, --disable-gpu], binary: /usr/bin/google-chrome, extensions: [], prefs: {credentials_enable_service: false, profile.password_manager_enabled: false}}}]}]","statusTrace":"org.openqa.selenium.SessionNotCreatedException: Could not start a new session. Response code 500. Message: session not created: probably user data directory is already in use, please specify a unique value for --user-data-dir argument, or don't use --user-data-dir \nHost info: host: 'pkrvmq0rgcvqdmg', ip: '10.1.0.116'\nBuild info: version: '4.32.0', revision: 'd17c8aa950'\nSystem info: os.name: 'Linux', os.arch: 'amd64', os.version: '6.11.0-1018-azure', java.version: '17.0.15'\nDriver info: org.openqa.selenium.chrome.ChromeDriver\nCommand: [null, newSession {capabilities=[Capabilities {browserName: chrome, goog:chromeOptions: {args: [--incognito, --disable-notifications, --disable-popup-blocking, --disable-infobars, --no-sandbox, --disable-dev-shm-usage, --disable-gpu], binary: /usr/bin/google-chrome, extensions: [], prefs: {credentials_enable_service: false, profile.password_manager_enabled: false}}}]}]\n\tat org.openqa.selenium.remote.ProtocolHandshake.createSession(ProtocolHandshake.java:114)\n\tat org.openqa.selenium.remote.ProtocolHandshake.createSession(ProtocolHandshake.java:75)\n\tat org.openqa.selenium.remote.ProtocolHandshake.createSession(ProtocolHandshake.java:61)\n\tat org.openqa.selenium.remote.HttpCommandExecutor.execute(HttpCommandExecutor.java:187)\n\tat org.openqa.selenium.remote.service.DriverCommandExecutor.invokeExecute(DriverCommandExecutor.java:216)\n\tat org.openqa.selenium.remote.service.DriverCommandExecutor.execute(DriverCommandExecutor.java:174)\n\tat org.openqa.selenium.remote.RemoteWebDriver.execute(RemoteWebDriver.java:545)\n\tat org.openqa.selenium.remote.RemoteWebDriver.startSession(RemoteWebDriver.java:245)\n\tat org.openqa.selenium.remote.RemoteWebDriver.<init>(RemoteWebDriver.java:174)\n\tat org.openqa.selenium.chromium.ChromiumDriver.<init>(ChromiumDriver.java:110)\n\tat org.openqa.selenium.chrome.ChromeDriver.<init>(ChromeDriver.java:88)\n\tat org.openqa.selenium.chrome.ChromeDriver.<init>(ChromeDriver.java:83)\n\tat org.openqa.selenium.chrome.ChromeDriver.<init>(ChromeDriver.java:72)\n\tat tests.ui.BaseTest.setup(BaseTest.java:65)\n\tat java.base/jdk.internal.reflect.NativeMethodAccessorImpl.invoke0(Native Method)\n\tat java.base/jdk.internal.reflect.NativeMethodAccessorImpl.invoke(NativeMethodAccessorImpl.java:77)\n\tat java.base/jdk.internal.reflect.DelegatingMethodAccessorImpl.invoke(DelegatingMethodAccessorImpl.java:43)\n\tat java.base/java.lang.reflect.Method.invoke(Method.java:569)\n\tat org.testng.internal.invokers.MethodInvocationHelper.invokeMethod(MethodInvocationHelper.java:141)\n\tat org.testng.internal.invokers.MethodInvocationHelper.invokeMethodConsideringTimeout(MethodInvocationHelper.java:71)\n\tat org.testng.internal.invokers.ConfigInvoker.invokeConfigurationMethod(ConfigInvoker.java:400)\n\tat org.testng.internal.invokers.ConfigInvoker.invokeConfigurations(ConfigInvoker.java:333)\n\tat org.testng.internal.invokers.TestInvoker.runConfigMethods(TestInvoker.java:836)\n\tat org.testng.internal.invokers.TestInvoker.invokeMethod(TestInvoker.java:601)\n\tat org.testng.internal.invokers.TestInvoker.invokeTestMethod(TestInvoker.java:230)\n\tat org.testng.internal.invokers.MethodRunner.runInSequence(MethodRunner.java:63)\n\tat org.testng.internal.invokers.TestInvoker$MethodInvocationAgent.invoke(TestInvoker.java:995)\n\tat org.testng.internal.invokers.TestInvoker.invokeTestMethods(TestInvoker.java:203)\n\tat org.testng.internal.invokers.TestMethodWorker.invokeTestMethods(TestMethodWorker.java:154)\n\tat org.testng.internal.invokers.TestMethodWorker.run(TestMethodWorker.java:134)\n\tat java.base/java.util.ArrayList.forEach(ArrayList.java:1511)\n\tat org.testng.TestRunner.privateRun(TestRunner.java:741)\n\tat org.testng.TestRunner.run(TestRunner.java:616)\n\tat org.testng.SuiteRunner.runTest(SuiteRunner.java:421)\n\tat org.testng.SuiteRunner$SuiteWorker.run(SuiteRunner.java:463)\n\tat org.testng.internal.thread.ThreadUtil.lambda$execute$0(ThreadUtil.java:64)\n\tat java.base/java.util.concurrent.FutureTask.run(FutureTask.java:264)\n\tat java.base/java.util.concurrent.ThreadPoolExecutor.runWorker(ThreadPoolExecutor.java:1136)\n\tat java.base/java.util.concurrent.ThreadPoolExecutor$Worker.run(ThreadPoolExecutor.java:635)\n\tat java.base/java.lang.Thread.run(Thread.java:840)\n","steps":[],"attachments":[],"parameters":[],"shouldDisplayMessage":true,"stepsCount":0,"attachmentsCount":0,"hasContent":true,"attachmentStep":false}],"afterStages":[{"name":"Close browser","time":{"start":1752920405091,"stop":1752920405091,"duration":0},"description":"Close browser","status":"passed","steps":[],"attachments":[],"parameters":[],"shouldDisplayMessage":false,"stepsCount":0,"attachmentsCount":0,"hasContent":false,"attachmentStep":false}],"labels":[{"name":"package","value":"tests.api.CRUDProjectTest"},{"name":"testClass","value":"tests.api.CRUDProjectTest"},{"name":"testMethod","value":"createNewProjectTest"},{"name":"parentSuite","value":"Test Rail Regression Test"},{"name":"suite","value":"Smoke"},{"name":"subSuite","value":"tests.api.CRUDProjectTest"},{"name":"host","value":"pkrvmq0rgcvqdmg"},{"name":"thread","value":"2519@pkrvmq0rgcvqdmg.TestNG-tests-2(22)"},{"name":"framework","value":"testng"},{"name":"language","value":"java"},{"name":"owner","value":"Evgeny Sabuk"},{"name":"epic","value":"API Project"},{"name":"resultFormat","value":"allure2"}],"parameters":[{"name":"Test Coverage","value":"Smoke"}],"links":[],"hidden":false,"retry":false,"extra":{"severity":"normal","owner":"Evgeny Sabuk","retries":[],"categories":[],"history":{"statistic":{"failed":0,"broken":2,"skipped":1,"passed":9,"unknown":0,"total":12},"items":[{"uid":"4e8ef87f3186f79c","reportUrl":"https://EvSabuk.github.io/TestRail/13//#testresult/4e8ef87f3186f79c","status":"passed","time":{"start":1752480645281,"stop":1752480648822,"duration":3541}},{"uid":"3035e78de7b1e5e6","reportUrl":"https://EvSabuk.github.io/TestRail/13//#testresult/3035e78de7b1e5e6","status":"passed","time":{"start":1752478790369,"stop":1752478793996,"duration":3627}},{"uid":"d464d116ff015ce","reportUrl":"https://EvSabuk.github.io/TestRail/13//#testresult/d464d116ff015ce","status":"passed","time":{"start":1752436024579,"stop":1752436028094,"duration":3515}},{"uid":"bdaac03bd65c999e","reportUrl":"https://EvSabuk.github.io/TestRail/12//#testresult/bdaac03bd65c999e","status":"passed","time":{"start":1752435634740,"stop":1752435638177,"duration":3437}},{"uid":"85e5cd36eae814b0","reportUrl":"https://EvSabuk.github.io/TestRail/11//#testresult/85e5cd36eae814b0","status":"passed","time":{"start":1752435237954,"stop":1752435241723,"duration":3769}},{"uid":"bd67b2de25ed84e3","reportUrl":"https://EvSabuk.github.io/TestRail/10//#testresult/bd67b2de25ed84e3","status":"passed","time":{"start":1752434819994,"stop":1752434822747,"duration":2753}},{"uid":"90ad6a1c6bf6e349","reportUrl":"https://EvSabuk.github.io/TestRail/9//#testresult/90ad6a1c6bf6e349","status":"passed","time":{"start":1752433390009,"stop":1752433393232,"duration":3223}},{"uid":"6a8ae4c2a4eb78d6","reportUrl":"https://EvSabuk.github.io/TestRail/9//#testresult/6a8ae4c2a4eb78d6","status":"passed","time":{"start":1752432961209,"stop":1752432964261,"duration":3052}},{"uid":"6fac5e2632e8dba6","reportUrl":"https://EvSabuk.github.io/TestRail/8//#testresult/6fac5e2632e8dba6","status":"passed","time":{"start":1752430448622,"stop":1752430452137,"duration":3515}},{"uid":"e5626d27efbf661a","reportUrl":"https://EvSabuk.github.io/TestRail/7//#testresult/e5626d27efbf661a","status":"broken","statusDetails":"Base URI cannot be null","time":{"start":1752430056013,"stop":1752430056047,"duration":34}},{"uid":"f2b5f8013916077e","reportUrl":"https://EvSabuk.github.io/TestRail/6//#testresult/f2b5f8013916077e","status":"broken","statusDetails":"Base URI cannot be null","time":{"start":1752429562425,"stop":1752429562451,"duration":26}}]},"tags":[]},"source":"66c7bdc84aec4381.json","parameterValues":["Smoke"]}